mode: atomic
mework/libs/client/catalog/file_resolver.go:23.78,27.16 3 6
mework/libs/client/catalog/file_resolver.go:27.16,28.25 1 2
mework/libs/client/catalog/file_resolver.go:28.25,30.4 1 2
mework/libs/client/catalog/file_resolver.go:31.3,31.51 1 0
mework/libs/client/catalog/file_resolver.go:34.2,35.52 2 4
mework/libs/client/catalog/file_resolver.go:35.52,37.3 1 1
mework/libs/client/catalog/file_resolver.go:38.2,38.19 1 3
mework/libs/client/catalog/file_resolver.go:54.121,56.2 1 4
mework/libs/client/catalog/pack.go:20.39,22.16 2 3
mework/libs/client/catalog/pack.go:22.16,24.3 1 1
mework/libs/client/catalog/pack.go:25.2,25.19 1 2
mework/libs/client/catalog/pack.go:25.19,27.3 1 0
mework/libs/client/catalog/pack.go:29.2,31.78 3 2
mework/libs/client/catalog/pack.go:31.78,32.17 1 9
mework/libs/client/catalog/pack.go:32.17,34.4 1 0
mework/libs/client/catalog/pack.go:35.3,35.17 1 9
mework/libs/client/catalog/pack.go:35.17,37.4 1 4
mework/libs/client/catalog/pack.go:38.3,39.17 2 5
mework/libs/client/catalog/pack.go:39.17,41.4 1 0
mework/libs/client/catalog/pack.go:43.3,45.17 3 5
mework/libs/client/catalog/pack.go:45.17,47.4 1 0
mework/libs/client/catalog/pack.go:48.3,49.17 2 5
mework/libs/client/catalog/pack.go:49.17,51.4 1 0
mework/libs/client/catalog/pack.go:52.3,54.13 3 5
mework/libs/client/catalog/pack.go:56.2,56.16 1 2
mework/libs/client/catalog/pack.go:56.16,58.3 1 0
mework/libs/client/catalog/pack.go:59.2,59.35 1 2
mework/libs/client/catalog/pack.go:59.35,61.3 1 0
mework/libs/client/catalog/pack.go:62.2,62.25 1 2
mework/libs/client/catalog/pack.go:67.62,69.16 2 1
mework/libs/client/catalog/pack.go:69.16,71.3 1 0
mework/libs/client/catalog/pack.go:72.2,72.28 1 1
mework/libs/client/catalog/pack.go:72.28,75.83 2 3
mework/libs/client/catalog/pack.go:75.83,77.4 1 0
mework/libs/client/catalog/pack.go:78.3,78.27 1 3
mework/libs/client/catalog/pack.go:78.27,79.12 1 0
mework/libs/client/catalog/pack.go:81.3,81.66 1 3
mework/libs/client/catalog/pack.go:81.66,83.4 1 0
mework/libs/client/catalog/pack.go:84.3,85.17 2 3
mework/libs/client/catalog/pack.go:85.17,87.4 1 0
mework/libs/client/catalog/pack.go:88.3,89.17 2 3
mework/libs/client/catalog/pack.go:89.17,92.4 2 0
mework/libs/client/catalog/pack.go:93.3,96.21 4 3
mework/libs/client/catalog/pack.go:96.21,98.4 1 0
mework/libs/client/catalog/pack.go:100.2,100.12 1 1
mework/libs/client/catalog/pack.go:106.84,116.16 2 2
mework/libs/client/catalog/pack.go:116.16,118.3 1 0
mework/libs/client/catalog/pack.go:120.2,122.16 3 2
mework/libs/client/catalog/pack.go:122.16,124.3 1 0
mework/libs/client/catalog/pack.go:125.2,128.16 3 2
mework/libs/client/catalog/pack.go:128.16,130.3 1 0
mework/libs/client/catalog/pack.go:131.2,132.53 2 2
mework/libs/client/catalog/pack.go:132.53,135.3 2 1
mework/libs/client/catalog/pack.go:136.2,136.12 1 1
mework/libs/client/catalog/resolver.go:46.125,56.16 4 4
mework/libs/client/catalog/resolver.go:56.16,58.3 1 0
mework/libs/client/catalog/resolver.go:60.2,61.19 2 4
mework/libs/client/catalog/resolver.go:61.19,63.3 1 0
mework/libs/client/catalog/resolver.go:65.2,66.16 2 4
mework/libs/client/catalog/resolver.go:66.16,68.3 1 0
mework/libs/client/catalog/resolver.go:69.2,71.44 2 4
mework/libs/client/catalog/resolver.go:71.44,73.3 1 1
mework/libs/client/catalog/resolver.go:74.2,74.38 1 3
mework/libs/client/catalog/resolver.go:74.38,77.3 2 0
mework/libs/client/catalog/resolver.go:79.2,80.64 2 3
mework/libs/client/catalog/resolver.go:80.64,82.3 1 0
mework/libs/client/catalog/resolver.go:84.2,85.59 2 3
mework/libs/client/catalog/resolver.go:85.59,87.3 1 0
mework/libs/client/catalog/resolver.go:88.2,88.19 1 3
mework/libs/client/catalog/resolver.go:93.50,95.42 2 4
mework/libs/client/catalog/resolver.go:95.42,98.3 2 3
mework/libs/client/catalog/resolver.go:99.2,99.19 1 4
mework/libs/client/catalog/resolver.go:99.19,101.3 1 2
mework/libs/client/catalog/resolver.go:102.2,102.22 1 4
mework/libs/client/osproc/os_unix.go:13.41,15.2 1 0
mework/libs/client/osproc/os_unix.go:18.57,23.2 4 0
mework/libs/client/workspacefs/workspacefs.go:54.94,60.2 1 0
mework/libs/client/workspacefs/workspacefs.go:64.82,73.97 5 0
mework/libs/client/workspacefs/workspacefs.go:73.97,75.3 1 0
mework/libs/client/workspacefs/workspacefs.go:78.2,78.41 1 0
mework/libs/client/workspacefs/workspacefs.go:78.41,81.102 3 0
mework/libs/client/workspacefs/workspacefs.go:81.102,83.4 1 0
mework/libs/client/workspacefs/workspacefs.go:86.2,86.22 1 0
mework/libs/client/workspacefs/workspacefs.go:92.95,94.16 2 0
mework/libs/client/workspacefs/workspacefs.go:94.16,96.3 1 0
mework/libs/client/workspacefs/workspacefs.go:99.2,100.16 2 0
mework/libs/client/workspacefs/workspacefs.go:100.16,102.3 1 0
mework/libs/client/workspacefs/workspacefs.go:103.2,103.25 1 0
mework/libs/client/workspacefs/workspacefs.go:103.25,105.3 1 0
mework/libs/client/workspacefs/workspacefs.go:108.2,108.38 1 0
mework/libs/client/workspacefs/workspacefs.go:108.38,112.104 4 0
mework/libs/client/workspacefs/workspacefs.go:112.104,113.12 1 0
mework/libs/client/workspacefs/workspacefs.go:115.3,116.17 2 0
mework/libs/client/workspacefs/workspacefs.go:116.17,118.4 1 0
mework/libs/client/workspacefs/workspacefs.go:121.2,121.34 1 0
mework/libs/client/workspacefs/workspacefs.go:126.97,128.16 2 0
mework/libs/client/workspacefs/workspacefs.go:128.16,130.3 1 0
mework/libs/client/workspacefs/workspacefs.go:133.2,134.50 2 0
mework/libs/client/workspacefs/workspacefs.go:134.50,136.3 1 0
mework/libs/client/workspacefs/workspacefs.go:138.2,139.16 2 0
mework/libs/client/workspacefs/workspacefs.go:139.16,141.3 1 0
mework/libs/client/workspacefs/workspacefs.go:142.2,144.46 2 0
mework/libs/client/workspacefs/workspacefs.go:144.46,146.3 1 0
mework/libs/client/workspacefs/workspacefs.go:147.2,147.12 1 0
mework/libs/client/workspacefs/workspacefs.go:152.87,154.16 2 0
mework/libs/client/workspacefs/workspacefs.go:154.16,156.3 1 0
mework/libs/client/workspacefs/workspacefs.go:158.2,159.16 2 0
mework/libs/client/workspacefs/workspacefs.go:159.16,161.3 1 0
mework/libs/client/workspacefs/workspacefs.go:164.2,164.38 1 0
mework/libs/client/workspacefs/workspacefs.go:164.38,168.104 4 0
mework/libs/client/workspacefs/workspacefs.go:168.104,169.12 1 0
mework/libs/client/workspacefs/workspacefs.go:171.3,172.17 2 0
mework/libs/client/workspacefs/workspacefs.go:172.17,174.4 1 0
mework/libs/client/workspacefs/workspacefs.go:177.2,177.17 1 0
mework/libs/client/workspacefs/workspacefs.go:181.52,183.28 2 0
mework/libs/client/workspacefs/workspacefs.go:183.28,185.17 2 0
mework/libs/client/workspacefs/workspacefs.go:185.17,186.12 1 0
mework/libs/client/workspacefs/workspacefs.go:188.3,194.5 1 0
mework/libs/client/workspacefs/workspacefs.go:196.2,196.14 1 0
mework/libs/client/workspacefs/workspacefs.go:200.76,202.16 2 0
mework/libs/client/workspacefs/workspacefs.go:202.16,204.3 1 0
mework/libs/client/workspacefs/workspacefs.go:206.2,206.31 1 0
mework/libs/client/workspacefs/workspacefs.go:211.86,213.16 2 0
mework/libs/client/workspacefs/workspacefs.go:213.16,215.3 1 0
mework/libs/client/workspacefs/workspacefs.go:217.2,218.16 2 0
mework/libs/client/workspacefs/workspacefs.go:218.16,220.3 1 0
mework/libs/client/workspacefs/workspacefs.go:223.2,223.38 1 0
mework/libs/client/workspacefs/workspacefs.go:223.38,227.104 4 0
mework/libs/client/workspacefs/workspacefs.go:227.104,228.12 1 0
mework/libs/client/workspacefs/workspacefs.go:230.3,231.17 2 0
mework/libs/client/workspacefs/workspacefs.go:231.17,233.4 1 0
mework/libs/client/workspacefs/workspacefs.go:236.2,236.24 1 0
mework/libs/client/workspacefs/workspacefs.go:240.44,248.2 1 0
mework/libs/client/workspacefs/workspacefs.go:251.60,253.2 1 0
mework/libs/client/cmd/mework/main.go:17.13,19.2 1 0
mework/libs/client/cmd/mework/main.go:35.81,37.16 2 2
mework/libs/client/cmd/mework/main.go:37.16,39.3 1 0
mework/libs/client/cmd/mework/main.go:40.2,42.25 3 2
mework/libs/client/cmd/mework/main.go:42.25,44.3 1 3
mework/libs/client/cmd/mework/main.go:45.2,45.19 1 2
mework/libs/client/cmd/mework/main.go:51.104,53.16 2 0
mework/libs/client/cmd/mework/main.go:53.16,55.3 1 0
mework/libs/client/cmd/mework/main.go:56.2,58.29 3 0
mework/libs/client/cmd/mework/main.go:58.29,60.3 1 0
mework/libs/client/cmd/mework/main.go:61.2,61.19 1 0
mework/libs/client/subscribe/client.go:22.63,23.19 1 1
mework/libs/client/subscribe/client.go:23.19,25.3 1 0
mework/libs/client/subscribe/client.go:26.2,26.18 1 1
mework/libs/client/subscribe/client.go:26.18,28.3 1 0
mework/libs/client/subscribe/client.go:29.2,32.3 1 1
mework/libs/client/subscribe/client.go:35.84,37.17 2 3
mework/libs/client/subscribe/client.go:37.17,39.17 2 1
mework/libs/client/subscribe/client.go:39.17,41.4 1 0
mework/libs/client/subscribe/client.go:42.3,42.34 1 1
mework/libs/client/subscribe/client.go:45.2,46.16 2 3
mework/libs/client/subscribe/client.go:46.16,48.3 1 0
mework/libs/client/subscribe/client.go:50.2,50.17 1 3
mework/libs/client/subscribe/client.go:50.17,52.3 1 3
mework/libs/client/subscribe/client.go:53.2,54.17 2 3
mework/libs/client/subscribe/client.go:54.17,56.3 1 1
mework/libs/client/subscribe/client.go:58.2,59.16 2 3
mework/libs/client/subscribe/client.go:59.16,61.3 1 0
mework/libs/client/subscribe/client.go:62.2,64.28 2 3
mework/libs/client/subscribe/client.go:64.28,67.3 2 0
mework/libs/client/subscribe/client.go:69.2,69.59 1 3
mework/libs/client/subscribe/client.go:69.59,71.3 1 2
mework/libs/client/subscribe/client.go:73.2,74.16 2 1
mework/libs/client/subscribe/client.go:74.16,76.3 1 0
mework/libs/client/subscribe/client.go:78.2,78.50 1 1
mework/libs/client/subscribe/client.go:78.50,80.3 1 0
mework/libs/client/subscribe/client.go:82.2,82.29 1 1
mework/libs/client/subscribe/client.go:92.47,94.2 1 0
mework/libs/client/subscribe/client.go:97.35,99.2 1 0
mework/libs/client/subscribe/client.go:104.101,107.23 3 0
mework/libs/client/subscribe/client.go:107.23,109.3 1 0
mework/libs/client/subscribe/client.go:111.2,113.16 3 0
mework/libs/client/subscribe/client.go:113.16,115.3 1 0
mework/libs/client/subscribe/client.go:116.2,122.16 5 0
mework/libs/client/subscribe/client.go:122.16,124.3 1 0
mework/libs/client/subscribe/client.go:125.2,125.38 1 0
mework/libs/client/subscribe/client.go:125.38,129.3 3 0
mework/libs/client/subscribe/client.go:131.2,137.12 3 0
mework/libs/client/subscribe/client.go:137.12,141.22 4 0
mework/libs/client/subscribe/client.go:141.22,143.11 2 0
mework/libs/client/subscribe/client.go:144.41,145.42 1 0
mework/libs/client/subscribe/client.go:146.44,147.52 1 0
mework/libs/client/subscribe/client.go:148.43,149.46 1 0
mework/libs/client/subscribe/client.go:150.20,152.31 1 0
mework/libs/client/subscribe/client.go:152.31,158.13 2 0
mework/libs/client/subscribe/client.go:159.24,159.24 0 0
mework/libs/client/subscribe/client.go:160.14,160.14 0 0
mework/libs/client/subscribe/client.go:163.5,163.37 1 0
mework/libs/client/subscribe/client.go:168.2,168.20 1 0
mework/libs/client/subscribe/client.go:172.58,175.2 2 0
mework/libs/client/subscribe/connection.go:23.140,32.16 4 0
mework/libs/client/subscribe/connection.go:32.16,34.3 1 0
mework/libs/client/subscribe/connection.go:35.2,35.18 1 0
mework/libs/client/subscribe/connection.go:38.84,41.16 3 0
mework/libs/client/subscribe/connection.go:41.16,43.3 1 0
mework/libs/client/subscribe/connection.go:44.2,44.18 1 0
mework/libs/client/subscribe/connection.go:47.73,50.16 3 0
mework/libs/client/subscribe/connection.go:50.16,52.3 1 0
mework/libs/client/subscribe/connection.go:53.2,53.17 1 0
mework/libs/client/subscribe/connection.go:56.72,59.2 2 0
mework/libs/client/subscribe/job.go:32.54,35.16 3 1
mework/libs/client/subscribe/job.go:35.16,37.3 1 0
mework/libs/client/subscribe/job.go:38.2,38.34 1 1
mework/libs/client/subscribe/job.go:38.34,40.3 1 0
mework/libs/client/subscribe/job.go:41.2,41.18 1 1
mework/libs/client/subscribe/job.go:45.113,49.25 2 1
mework/libs/client/subscribe/job.go:49.25,51.3 1 1
mework/libs/client/subscribe/job.go:52.2,52.21 1 1
mework/libs/client/subscribe/job.go:52.21,54.3 1 0
mework/libs/client/subscribe/job.go:56.2,57.12 2 1
mework/libs/client/subscribe/job.go:61.64,64.2 2 1
mework/libs/client/subscribe/profile.go:34.99,37.16 3 0
mework/libs/client/subscribe/profile.go:37.16,39.3 1 0
mework/libs/client/subscribe/profile.go:40.2,40.18 1 0
mework/libs/client/subscribe/profile.go:43.76,46.16 3 0
mework/libs/client/subscribe/profile.go:46.16,48.3 1 0
mework/libs/client/subscribe/profile.go:49.2,49.18 1 0
mework/libs/client/subscribe/profile.go:52.73,55.16 3 0
mework/libs/client/subscribe/profile.go:55.16,57.3 1 0
mework/libs/client/subscribe/profile.go:58.2,58.17 1 0
mework/libs/client/subscribe/profile.go:61.105,64.16 3 0
mework/libs/client/subscribe/profile.go:64.16,66.3 1 0
mework/libs/client/subscribe/profile.go:67.2,67.18 1 0
mework/libs/client/subscribe/profile.go:70.61,73.2 2 0
mework/libs/client/subscribe/registry.go:28.94,32.16 4 0
mework/libs/client/subscribe/registry.go:32.16,34.3 1 0
mework/libs/client/subscribe/registry.go:35.2,35.18 1 0
mework/libs/client/subscribe/registry.go:38.67,41.16 3 0
mework/libs/client/subscribe/registry.go:41.16,43.3 1 0
mework/libs/client/subscribe/registry.go:44.2,44.22 1 0
mework/libs/client/subscribe/registry.go:47.59,50.2 2 0
mework/libs/client/enroll/enroll.go:18.84,21.16 3 4
mework/libs/client/enroll/enroll.go:21.16,23.3 1 0
mework/libs/client/enroll/enroll.go:25.2,26.16 2 4
mework/libs/client/enroll/enroll.go:26.16,28.3 1 0
mework/libs/client/enroll/enroll.go:29.2,33.16 4 4
mework/libs/client/enroll/enroll.go:33.16,35.3 1 0
mework/libs/client/enroll/enroll.go:36.2,38.38 2 4
mework/libs/client/enroll/enroll.go:38.38,40.3 1 2
mework/libs/client/enroll/enroll.go:42.2,43.67 2 2
mework/libs/client/enroll/enroll.go:43.67,45.3 1 0
mework/libs/client/enroll/enroll.go:47.2,47.76 1 2
mework/libs/client/enroll/enroll.go:47.76,49.3 1 0
mework/libs/client/enroll/enroll.go:51.2,51.21 1 2
mework/libs/client/runner/agent_registry.go:21.35,23.16 2 0
mework/libs/client/runner/agent_registry.go:23.16,25.3 1 0
mework/libs/client/runner/agent_registry.go:26.2,26.62 1 0
mework/libs/client/runner/agent_registry.go:31.56,36.16 4 0
mework/libs/client/runner/agent_registry.go:36.16,38.3 1 0
mework/libs/client/runner/agent_registry.go:39.2,40.38 2 0
mework/libs/client/runner/agent_registry.go:44.48,49.16 4 0
mework/libs/client/runner/agent_registry.go:49.16,51.3 1 0
mework/libs/client/runner/agent_registry.go:52.2,53.38 2 0
mework/libs/client/runner/agent_registry.go:57.54,62.16 4 0
mework/libs/client/runner/agent_registry.go:62.16,64.3 1 0
mework/libs/client/runner/agent_registry.go:65.2,66.32 2 0
mework/libs/client/runner/agent_registry.go:66.32,68.3 1 0
mework/libs/client/runner/agent_registry.go:69.2,69.20 1 0
mework/libs/client/runner/agent_registry.go:73.65,78.16 4 0
mework/libs/client/runner/agent_registry.go:78.16,80.3 1 0
mework/libs/client/runner/agent_registry.go:81.2,82.9 2 0
mework/libs/client/runner/agent_registry.go:82.9,84.3 1 0
mework/libs/client/runner/agent_registry.go:85.2,85.19 1 0
mework/libs/client/runner/agent_registry.go:94.65,97.16 3 0
mework/libs/client/runner/agent_registry.go:97.16,98.25 1 0
mework/libs/client/runner/agent_registry.go:98.25,100.4 1 0
mework/libs/client/runner/agent_registry.go:101.3,101.18 1 0
mework/libs/client/runner/agent_registry.go:103.2,104.56 2 0
mework/libs/client/runner/agent_registry.go:104.56,106.3 1 0
mework/libs/client/runner/agent_registry.go:107.2,107.22 1 0
mework/libs/client/runner/agent_registry.go:110.70,113.47 3 0
mework/libs/client/runner/agent_registry.go:113.47,115.3 1 0
mework/libs/client/runner/agent_registry.go:116.2,117.16 2 0
mework/libs/client/runner/agent_registry.go:117.16,119.3 1 0
mework/libs/client/runner/agent_registry.go:120.2,120.39 1 0
mework/libs/client/runner/dispatch.go:37.105,40.16 2 4
mework/libs/client/runner/dispatch.go:40.16,42.3 1 0
mework/libs/client/runner/dispatch.go:45.2,45.59 1 4
mework/libs/client/runner/dispatch.go:45.59,48.3 2 0
mework/libs/client/runner/dispatch.go:49.2,49.55 1 4
mework/libs/client/runner/dispatch.go:49.55,52.3 2 0
mework/libs/client/runner/dispatch.go:55.2,56.16 2 4
mework/libs/client/runner/dispatch.go:56.16,58.3 1 0
mework/libs/client/runner/dispatch.go:61.2,66.24 4 4
mework/libs/client/runner/dispatch.go:66.24,69.3 2 2
mework/libs/client/runner/dispatch.go:70.2,70.113 1 4
mework/libs/client/runner/dispatch.go:70.113,73.3 1 0
mework/libs/client/runner/dispatch.go:76.2,76.53 1 4
mework/libs/client/runner/dispatch.go:80.136,85.16 3 4
mework/libs/client/runner/dispatch.go:85.16,87.3 1 0
mework/libs/client/runner/dispatch.go:88.2,89.24 2 4
mework/libs/client/runner/dispatch.go:89.24,91.3 1 4
mework/libs/client/runner/dispatch.go:93.2,94.16 2 4
mework/libs/client/runner/dispatch.go:94.16,96.3 1 0
mework/libs/client/runner/dispatch.go:97.2,99.38 2 4
mework/libs/client/runner/dispatch.go:99.38,101.3 1 0
mework/libs/client/runner/dispatch.go:103.2,104.69 2 4
mework/libs/client/runner/dispatch.go:104.69,106.3 1 0
mework/libs/client/runner/dispatch.go:107.2,107.23 1 4
mework/libs/client/runner/dispatch.go:119.85,121.9 2 0
mework/libs/client/runner/dispatch.go:121.9,123.3 1 0
mework/libs/client/runner/dispatch.go:126.2,141.16 7 0
mework/libs/client/runner/dispatch.go:141.16,143.3 1 0
mework/libs/client/runner/dispatch.go:144.2,144.15 1 0
mework/libs/client/runner/dispatch.go:144.15,144.64 1 0
mework/libs/client/runner/dispatch.go:146.2,153.20 4 0
mework/libs/client/runner/dispatch.go:153.20,154.20 1 0
mework/libs/client/runner/dispatch.go:154.20,156.4 1 0
mework/libs/client/runner/dispatch.go:157.3,157.30 1 0
mework/libs/client/runner/dispatch.go:159.2,159.12 1 0
mework/libs/client/runner/dispatch.go:163.106,168.21 2 4
mework/libs/client/runner/dispatch.go:168.21,170.3 1 2
mework/libs/client/runner/dispatch.go:171.2,172.16 2 4
mework/libs/client/runner/dispatch.go:172.16,174.3 1 0
mework/libs/client/runner/dispatch.go:176.2,180.16 3 4
mework/libs/client/runner/dispatch.go:180.16,182.3 1 0
mework/libs/client/runner/dispatch.go:183.2,187.16 4 4
mework/libs/client/runner/dispatch.go:187.16,189.3 1 0
mework/libs/client/runner/dispatch.go:190.2,192.28 2 4
mework/libs/client/runner/dispatch.go:192.28,194.3 1 0
mework/libs/client/runner/dispatch.go:195.2,195.12 1 4
mework/libs/client/runner/dispatch.go:199.83,201.2 1 0
mework/libs/client/runner/dispatch.go:204.93,205.75 1 0
mework/libs/client/runner/dispatch.go:205.75,207.3 1 0
mework/libs/client/runner/dispatch.go:208.2,208.14 1 0
mework/libs/client/runner/engine.go:58.69,70.2 1 10
mework/libs/client/runner/engine.go:75.47,77.2 1 6
mework/libs/client/runner/engine.go:81.62,84.33 3 3
mework/libs/client/runner/engine.go:84.33,86.3 1 0
mework/libs/client/runner/engine.go:87.2,88.13 2 3
mework/libs/client/runner/engine.go:92.60,97.2 4 2
mework/libs/client/runner/engine.go:100.43,104.2 3 0
mework/libs/client/runner/engine.go:107.45,112.2 4 2
mework/libs/client/runner/engine.go:116.51,121.16 4 6
mework/libs/client/runner/engine.go:121.16,123.3 1 0
mework/libs/client/runner/engine.go:124.2,127.71 2 6
mework/libs/client/runner/engine.go:127.71,129.3 1 6
mework/libs/client/runner/engine.go:132.2,133.12 2 6
mework/libs/client/runner/engine.go:133.12,137.7 4 6
mework/libs/client/runner/engine.go:137.7,138.11 1 6
mework/libs/client/runner/engine.go:139.22,140.11 1 0
mework/libs/client/runner/engine.go:141.20,142.11 1 6
mework/libs/client/runner/engine.go:143.20,144.74 1 0
mework/libs/client/runner/engine.go:144.74,146.6 1 0
mework/libs/client/runner/engine.go:152.2,153.12 2 6
mework/libs/client/runner/engine.go:153.12,156.3 2 6
mework/libs/client/runner/engine.go:159.2,160.12 2 6
mework/libs/client/runner/engine.go:160.12,163.3 2 6
mework/libs/client/runner/engine.go:165.2,165.12 1 6
mework/libs/client/runner/engine.go:169.25,170.25 1 8
mework/libs/client/runner/engine.go:170.25,172.3 1 0
mework/libs/client/runner/engine.go:173.2,173.34 1 8
mework/libs/client/runner/engine.go:173.34,175.3 1 6
mework/libs/client/runner/engine.go:176.2,179.70 3 8
mework/libs/client/runner/engine.go:182.52,184.2 1 8
mework/libs/client/runner/engine.go:186.51,188.14 2 38
mework/libs/client/runner/engine.go:188.14,190.3 1 2
mework/libs/client/runner/engine.go:191.2,192.9 2 36
mework/libs/client/runner/engine.go:192.9,194.3 1 0
mework/libs/client/runner/engine.go:195.2,195.10 1 36
mework/libs/client/runner/engine.go:200.50,201.6 1 6
mework/libs/client/runner/engine.go:201.6,202.42 1 15
mework/libs/client/runner/engine.go:202.42,204.4 1 0
mework/libs/client/runner/engine.go:206.3,207.20 2 15
mework/libs/client/runner/engine.go:207.20,208.25 1 1
mework/libs/client/runner/engine.go:208.25,210.5 1 0
mework/libs/client/runner/engine.go:211.4,211.12 1 1
mework/libs/client/runner/engine.go:214.3,214.10 1 14
mework/libs/client/runner/engine.go:215.21,216.10 1 0
mework/libs/client/runner/engine.go:217.19,218.10 1 6
mework/libs/client/runner/engine.go:219.36,220.11 1 8
mework/libs/client/runner/engine.go:220.11,223.13 2 1
mework/libs/client/runner/engine.go:225.4,225.26 1 7
mework/libs/client/runner/engine.go:231.65,233.63 2 7
mework/libs/client/runner/engine.go:233.63,237.3 3 0
mework/libs/client/runner/engine.go:239.2,239.9 1 7
mework/libs/client/runner/engine.go:240.20,241.9 1 0
mework/libs/client/runner/engine.go:242.18,243.9 1 0
mework/libs/client/runner/engine.go:244.25,245.22 1 7
mework/libs/client/runner/engine.go:248.2,248.28 1 7
mework/libs/client/runner/engine.go:253.54,254.6 1 6
mework/libs/client/runner/engine.go:254.6,255.10 1 13
mework/libs/client/runner/engine.go:256.21,257.10 1 0
mework/libs/client/runner/engine.go:258.19,259.10 1 6
mework/libs/client/runner/engine.go:260.28,262.29 2 7
mework/libs/client/runner/engine.go:262.29,264.13 2 7
mework/libs/client/runner/engine.go:266.4,272.65 2 0
mework/libs/client/runner/engine.go:272.65,274.5 1 0
mework/libs/client/runner/engine.go:283.115,284.30 1 3
mework/libs/client/runner/engine.go:284.30,285.30 1 2
mework/libs/client/runner/engine.go:285.30,288.4 1 1
mework/libs/client/runner/engine.go:289.3,289.55 1 1
mework/libs/client/runner/engine.go:291.2,291.49 1 1
mework/libs/client/runner/engine.go:298.55,300.2 1 3
mework/libs/client/runner/engine.go:305.54,309.6 3 1
mework/libs/client/runner/engine.go:309.6,310.42 1 1
mework/libs/client/runner/engine.go:310.42,312.4 1 0
mework/libs/client/runner/engine.go:315.3,316.10 2 1
mework/libs/client/runner/engine.go:317.21,318.16 1 0
mework/libs/client/runner/engine.go:319.19,320.16 1 0
mework/libs/client/runner/engine.go:321.39,321.39 0 1
mework/libs/client/runner/engine.go:324.3,328.17 4 1
mework/libs/client/runner/engine.go:328.17,331.28 3 0
mework/libs/client/runner/engine.go:331.28,333.5 1 0
mework/libs/client/runner/engine.go:334.4,334.12 1 0
mework/libs/client/runner/engine.go:337.3,339.14 3 1
mework/libs/client/runner/grant.go:12.81,14.48 2 11
mework/libs/client/runner/grant.go:14.48,16.3 1 0
mework/libs/client/runner/grant.go:17.2,17.51 1 11
mework/libs/client/runner/grant.go:17.51,19.3 1 3
mework/libs/client/runner/grant.go:20.2,20.16 1 8
mework/libs/client/runner/grant.go:25.61,26.20 1 66
mework/libs/client/runner/grant.go:26.20,28.3 1 5
mework/libs/client/runner/grant.go:29.2,29.12 1 61
mework/libs/client/runner/handler.go:11.45,13.70 2 0
mework/libs/client/runner/handler.go:13.70,16.3 2 0
mework/libs/client/runner/handler.go:17.2,21.24 5 0
mework/libs/client/runner/handler.go:21.24,24.3 2 0
mework/libs/client/runner/handler.go:25.2,28.20 4 0
mework/libs/client/runner/handler.go:31.59,32.21 1 0
mework/libs/client/runner/handler.go:32.21,35.3 1 0
mework/libs/client/runner/handler.go:36.2,36.101 1 0
mework/libs/client/runner/handler.go:39.41,40.19 1 0
mework/libs/client/runner/handler.go:40.19,42.3 1 0
mework/libs/client/runner/handler.go:43.2,43.37 1 0
mework/libs/client/runner/health.go:20.90,25.16 4 0
mework/libs/client/runner/health.go:25.16,27.3 1 0
mework/libs/client/runner/health.go:29.2,31.73 3 0
mework/libs/client/runner/health.go:31.73,34.3 2 0
mework/libs/client/runner/health.go:35.2,35.75 1 0
mework/libs/client/runner/health.go:35.75,40.3 3 0
mework/libs/client/runner/health.go:42.2,43.12 2 0
mework/libs/client/runner/health.go:43.12,43.36 1 0
mework/libs/client/runner/health.go:44.2,44.16 1 0
mework/libs/client/runner/health.go:48.38,49.18 1 0
mework/libs/client/runner/health.go:49.18,51.3 1 0
mework/libs/client/runner/health.go:52.2,54.28 3 0
mework/libs/client/runner/health.go:59.66,63.16 4 0
mework/libs/client/runner/health.go:63.16,65.3 1 0
mework/libs/client/runner/health.go:66.2,67.47 2 0
mework/libs/client/runner/http_broker.go:26.55,32.2 1 4
mework/libs/client/runner/http_broker.go:40.91,42.14 2 5
mework/libs/client/runner/http_broker.go:42.14,44.3 1 1
mework/libs/client/runner/http_broker.go:46.2,48.16 3 4
mework/libs/client/runner/http_broker.go:48.16,50.3 1 0
mework/libs/client/runner/http_broker.go:51.2,55.16 4 4
mework/libs/client/runner/http_broker.go:55.16,57.3 1 0
mework/libs/client/runner/http_broker.go:58.2,59.28 2 4
mework/libs/client/runner/http_broker.go:59.28,61.3 1 1
mework/libs/client/runner/http_broker.go:62.2,62.12 1 3
mework/libs/client/runner/http_broker.go:66.109,68.2 1 0
mework/libs/client/runner/http_broker.go:71.57,73.2 1 0
mework/libs/client/runner/http_broker.go:77.49,79.46 2 5
mework/libs/client/runner/http_broker.go:79.46,81.3 1 4
mework/libs/client/runner/http_broker.go:82.2,82.11 1 1
mework/libs/client/runner/interactive_session.go:80.102,81.72 1 18
mework/libs/client/runner/interactive_session.go:81.72,83.3 1 1
mework/libs/client/runner/interactive_session.go:85.2,86.16 2 17
mework/libs/client/runner/interactive_session.go:86.16,88.3 1 0
mework/libs/client/runner/interactive_session.go:90.2,91.23 2 17
mework/libs/client/runner/interactive_session.go:91.23,93.3 1 0
mework/libs/client/runner/interactive_session.go:94.2,95.18 2 17
mework/libs/client/runner/interactive_session.go:95.18,97.3 1 0
mework/libs/client/runner/interactive_session.go:98.2,101.16 3 17
mework/libs/client/runner/interactive_session.go:101.16,103.3 1 0
mework/libs/client/runner/interactive_session.go:105.2,112.21 2 17
mework/libs/client/runner/interactive_session.go:112.21,114.3 1 0
mework/libs/client/runner/interactive_session.go:116.2,117.16 2 17
mework/libs/client/runner/interactive_session.go:117.16,120.3 2 0
mework/libs/client/runner/interactive_session.go:124.2,125.26 2 17
mework/libs/client/runner/interactive_session.go:125.26,127.3 1 2
mework/libs/client/runner/interactive_session.go:128.2,135.8 1 17
mework/libs/client/runner/interactive_session.go:140.82,141.65 1 12
mework/libs/client/runner/interactive_session.go:141.65,143.3 1 3
mework/libs/client/runner/interactive_session.go:145.2,161.59 12 9
mework/libs/client/runner/interactive_session.go:161.59,163.3 1 0
mework/libs/client/runner/interactive_session.go:164.2,164.12 1 9
mework/libs/client/runner/interactive_session.go:170.68,171.65 1 1
mework/libs/client/runner/interactive_session.go:171.65,173.3 1 0
mework/libs/client/runner/interactive_session.go:175.2,175.60 1 1
mework/libs/client/runner/interactive_session.go:175.60,177.3 1 0
mework/libs/client/runner/interactive_session.go:179.2,182.19 4 1
mework/libs/client/runner/interactive_session.go:182.19,184.3 1 1
mework/libs/client/runner/interactive_session.go:185.2,185.12 1 1
mework/libs/client/runner/interactive_session.go:189.67,190.65 1 14
mework/libs/client/runner/interactive_session.go:190.65,192.3 1 0
mework/libs/client/runner/interactive_session.go:193.2,195.12 3 14
mework/libs/client/runner/interactive_session.go:201.90,202.65 1 7
mework/libs/client/runner/interactive_session.go:202.65,204.3 1 0
mework/libs/client/runner/interactive_session.go:205.2,206.16 2 7
mework/libs/client/runner/interactive_session.go:206.16,208.3 1 0
mework/libs/client/runner/interactive_session.go:209.2,209.39 1 7
mework/libs/client/runner/interactive_session.go:209.39,211.3 1 1
mework/libs/client/runner/interactive_session.go:212.2,212.25 1 7
mework/libs/client/runner/interactive_session.go:219.88,220.74 1 0
mework/libs/client/runner/interactive_session.go:220.74,222.3 1 0
mework/libs/client/runner/interactive_session.go:223.2,223.49 1 0
mework/libs/client/runner/interactive_session.go:227.55,229.17 2 15
mework/libs/client/runner/interactive_session.go:229.17,232.3 2 0
mework/libs/client/runner/interactive_session.go:233.2,235.40 3 15
mework/libs/client/runner/interactive_session.go:240.76,241.36 1 34
mework/libs/client/runner/interactive_session.go:241.36,243.3 1 1
mework/libs/client/runner/interactive_session.go:244.2,244.36 1 33
mework/libs/client/runner/interactive_session.go:244.36,246.3 1 1
mework/libs/client/runner/interactive_session.go:247.2,247.47 1 32
mework/libs/client/runner/interactive_session.go:251.69,252.25 1 50
mework/libs/client/runner/interactive_session.go:252.25,254.3 1 0
mework/libs/client/runner/interactive_session.go:255.2,255.61 1 50
mework/libs/client/runner/interactive_session.go:255.61,257.3 1 0
mework/libs/client/runner/interactive_session.go:258.2,258.39 1 50
mework/libs/client/runner/lifecycle.go:21.37,26.2 3 4
mework/libs/client/runner/lifecycle.go:29.37,30.71 1 2
mework/libs/client/runner/lifecycle.go:30.71,32.3 1 0
mework/libs/client/runner/lifecycle.go:33.2,34.66 2 2
mework/libs/client/runner/lifecycle.go:38.43,40.16 2 4
mework/libs/client/runner/lifecycle.go:40.16,41.25 1 2
mework/libs/client/runner/lifecycle.go:41.25,43.4 1 2
mework/libs/client/runner/lifecycle.go:44.3,44.16 1 0
mework/libs/client/runner/lifecycle.go:46.2,47.16 2 2
mework/libs/client/runner/lifecycle.go:47.16,49.3 1 0
mework/libs/client/runner/lifecycle.go:50.2,50.17 1 2
mework/libs/client/runner/lifecycle.go:54.38,56.39 2 1
mework/libs/client/runner/lifecycle.go:56.39,58.3 1 0
mework/libs/client/runner/lifecycle.go:59.2,59.12 1 1
mework/libs/client/runner/lifecycle.go:65.44,67.28 2 4
mework/libs/client/runner/lifecycle.go:67.28,69.3 1 2
mework/libs/client/runner/lifecycle.go:70.2,71.16 2 2
mework/libs/client/runner/lifecycle.go:71.16,73.3 1 0
mework/libs/client/runner/lifecycle.go:74.2,74.55 1 2
mework/libs/client/runner/lifecycle.go:74.55,76.3 1 1
mework/libs/client/runner/lifecycle.go:77.2,77.18 1 1
mework/libs/client/runner/lifecycle.go:81.52,82.71 1 0
mework/libs/client/runner/lifecycle.go:82.71,84.3 1 0
mework/libs/client/runner/lifecycle.go:85.2,85.89 1 0
mework/libs/client/runner/migration.go:14.52,17.19 1 0
mework/libs/client/runner/migration.go:17.19,19.3 1 0
mework/libs/client/runner/migration.go:22.2,23.16 2 0
mework/libs/client/runner/migration.go:23.16,25.3 1 0
mework/libs/client/runner/migration.go:26.2,26.20 1 0
mework/libs/client/runner/migration.go:26.20,28.3 1 0
mework/libs/client/runner/migration.go:31.2,32.47 2 0
mework/libs/client/runner/migration.go:40.26,42.16 2 0
mework/libs/client/runner/migration.go:42.16,44.3 1 0
mework/libs/client/runner/migration.go:45.2,45.20 1 0
mework/libs/client/runner/migration.go:45.20,47.3 1 0
mework/libs/client/runner/migration.go:49.2,50.16 2 0
mework/libs/client/runner/migration.go:50.16,52.3 1 0
mework/libs/client/runner/migration.go:53.2,53.28 1 0
mework/libs/client/runner/migration.go:53.28,55.3 1 0
mework/libs/client/runner/migration.go:56.2,56.12 1 0
mework/libs/client/runner/migration.go:60.29,61.13 1 0
mework/libs/client/runner/migration.go:61.13,63.3 1 0
mework/libs/client/runner/migration.go:64.2,64.12 1 0
mework/libs/client/runner/offline.go:61.54,62.24 1 9
mework/libs/client/runner/offline.go:62.24,64.3 1 1
mework/libs/client/runner/offline.go:65.2,67.62 3 8
mework/libs/client/runner/offline.go:79.53,82.2 2 0
mework/libs/client/runner/offline.go:84.86,86.16 2 3
mework/libs/client/runner/offline.go:86.16,88.3 1 0
mework/libs/client/runner/offline.go:89.2,93.8 1 3
mework/libs/client/runner/offline.go:99.64,105.34 4 2
mework/libs/client/runner/offline.go:105.34,108.3 2 0
mework/libs/client/runner/offline.go:111.2,112.33 2 2
mework/libs/client/runner/offline.go:112.33,114.3 1 0
mework/libs/client/runner/offline.go:117.2,118.16 2 2
mework/libs/client/runner/offline.go:118.16,122.3 3 0
mework/libs/client/runner/offline.go:123.2,124.24 2 2
mework/libs/client/runner/offline.go:129.40,130.17 1 0
mework/libs/client/runner/offline.go:130.17,132.3 1 0
mework/libs/client/runner/offline.go:133.2,135.62 2 0
mework/libs/client/runner/offline.go:135.62,137.3 1 0
mework/libs/client/runner/offline.go:138.2,138.16 1 0
mework/libs/client/runner/offline.go:143.70,153.40 4 2
mework/libs/client/runner/offline.go:153.40,156.3 2 0
mework/libs/client/runner/offline.go:162.58,164.71 1 3
mework/libs/client/runner/offline.go:164.71,166.3 1 0
mework/libs/client/runner/offline.go:168.2,169.16 2 3
mework/libs/client/runner/offline.go:169.16,171.3 1 0
mework/libs/client/runner/offline.go:173.2,173.53 1 3
mework/libs/client/runner/offline.go:173.53,176.3 2 0
mework/libs/client/runner/offline.go:177.2,185.18 5 3
mework/libs/client/runner/offline.go:190.39,192.14 2 3
mework/libs/client/runner/offline.go:192.14,195.3 2 0
mework/libs/client/runner/offline.go:196.2,199.71 3 3
mework/libs/client/runner/offline.go:199.71,201.3 1 0
mework/libs/client/runner/offline.go:202.2,202.12 1 3
mework/libs/client/runner/offline.go:210.57,211.6 1 3
mework/libs/client/runner/offline.go:211.6,213.17 2 5
mework/libs/client/runner/offline.go:213.17,216.4 1 3
mework/libs/client/runner/offline.go:217.3,217.35 1 2
mework/libs/client/runner/offline.go:250.78,254.59 3 2
mework/libs/client/runner/offline.go:254.59,256.3 1 0
mework/libs/client/runner/offline.go:258.2,258.20 1 2
mework/libs/client/runner/offline.go:259.13,261.61 2 2
mework/libs/client/runner/offline.go:261.61,264.4 2 0
mework/libs/client/runner/offline.go:267.3,267.22 1 2
mework/libs/client/runner/offline.go:267.22,269.20 2 0
mework/libs/client/runner/offline.go:269.20,271.5 1 0
mework/libs/client/runner/offline.go:272.4,281.18 3 0
mework/libs/client/runner/offline.go:281.18,284.5 2 0
mework/libs/client/runner/offline.go:285.4,285.23 1 0
mework/libs/client/runner/offline.go:285.23,288.5 2 0
mework/libs/client/runner/offline.go:290.4,290.27 1 0
mework/libs/client/runner/offline.go:290.27,291.58 1 0
mework/libs/client/runner/offline.go:291.58,292.45 1 0
mework/libs/client/runner/offline.go:292.45,295.7 2 0
mework/libs/client/runner/offline.go:301.3,301.53 1 2
mework/libs/client/runner/offline.go:302.10,303.61 1 0
mework/libs/client/runner/offline.go:310.107,322.20 4 2
mework/libs/client/runner/offline.go:322.20,325.3 2 0
mework/libs/client/runner/offline.go:327.2,336.4 3 2
mework/libs/client/runner/offline.go:340.80,346.2 1 0
mework/libs/client/runner/offline.go:355.70,356.47 1 1
mework/libs/client/runner/offline.go:356.47,358.3 1 1
mework/libs/client/runner/offline.go:359.2,359.12 1 0
mework/libs/client/runner/offline_client.go:40.75,43.2 2 3
mework/libs/client/runner/offline_client.go:51.89,53.16 2 3
mework/libs/client/runner/offline_client.go:53.16,55.3 1 1
mework/libs/client/runner/offline_client.go:56.2,64.58 3 2
mework/libs/client/runner/offline_client.go:64.58,66.3 1 0
mework/libs/client/runner/offline_client.go:68.2,69.60 2 2
mework/libs/client/runner/offline_client.go:69.60,71.3 1 0
mework/libs/client/runner/offline_client.go:73.2,73.23 1 2
mework/libs/client/runner/offline_client.go:73.23,75.3 1 0
mework/libs/client/runner/offline_client.go:77.2,78.61 2 2
mework/libs/client/runner/offline_client.go:78.61,80.3 1 0
mework/libs/client/runner/offline_client.go:81.2,81.44 1 2
mework/libs/client/runner/offline_client.go:88.48,90.16 2 0
mework/libs/client/runner/offline_client.go:90.16,92.3 1 0
mework/libs/client/runner/offline_client.go:93.2,93.39 1 0
mework/libs/client/runner/offline_stack.go:132.30,134.2 1 0
mework/libs/client/runner/offline_stack.go:136.58,138.2 1 0
mework/libs/client/runner/offline_stack.go:140.126,143.22 3 0
mework/libs/client/runner/offline_stack.go:143.22,145.17 2 0
mework/libs/client/runner/offline_stack.go:145.17,147.4 1 0
mework/libs/client/runner/offline_stack.go:148.3,149.17 2 0
mework/libs/client/runner/offline_stack.go:151.2,151.36 1 0
mework/libs/client/runner/offline_stack.go:151.36,153.3 1 0
mework/libs/client/runner/offline_stack.go:154.2,157.32 2 0
mework/libs/client/runner/offline_stack.go:160.40,162.9 2 0
mework/libs/client/runner/offline_stack.go:162.9,164.3 1 0
mework/libs/client/runner/offline_stack.go:165.2,165.19 1 0
mework/libs/client/runner/offline_stack.go:168.62,170.9 2 0
mework/libs/client/runner/offline_stack.go:170.9,172.3 1 0
mework/libs/client/runner/offline_stack.go:173.2,173.24 1 0
mework/libs/client/runner/offline_stack.go:173.24,175.3 1 0
mework/libs/client/runner/offline_stack.go:176.2,176.32 1 0
mework/libs/client/runner/offline_stack.go:179.40,181.2 1 0
mework/libs/client/runner/offline_stack.go:197.69,198.23 1 5
mework/libs/client/runner/offline_stack.go:198.23,200.3 1 0
mework/libs/client/runner/offline_stack.go:201.2,201.19 1 5
mework/libs/client/runner/offline_stack.go:201.19,203.3 1 0
mework/libs/client/runner/offline_stack.go:204.2,204.20 1 5
mework/libs/client/runner/offline_stack.go:204.20,206.3 1 0
mework/libs/client/runner/offline_stack.go:207.2,207.18 1 5
mework/libs/client/runner/offline_stack.go:207.18,209.3 1 0
mework/libs/client/runner/offline_stack.go:214.2,214.26 1 5
mework/libs/client/runner/offline_stack.go:214.26,216.3 1 4
mework/libs/client/runner/offline_stack.go:219.2,219.34 1 1
mework/libs/client/runner/offline_stack.go:227.87,229.16 2 4
mework/libs/client/runner/offline_stack.go:229.16,231.3 1 0
mework/libs/client/runner/offline_stack.go:237.2,238.26 2 4
mework/libs/client/runner/offline_stack.go:238.26,240.3 1 4
mework/libs/client/runner/offline_stack.go:241.2,243.16 3 4
mework/libs/client/runner/offline_stack.go:243.16,245.3 1 0
mework/libs/client/runner/offline_stack.go:248.2,251.76 2 4
mework/libs/client/runner/offline_stack.go:251.76,254.3 2 1
mework/libs/client/runner/offline_stack.go:257.2,258.21 2 3
mework/libs/client/runner/offline_stack.go:258.21,260.3 1 0
mework/libs/client/runner/offline_stack.go:261.2,261.71 1 3
mework/libs/client/runner/offline_stack.go:261.71,264.3 2 1
mework/libs/client/runner/offline_stack.go:267.2,267.26 1 2
mework/libs/client/runner/offline_stack.go:267.26,270.3 2 0
mework/libs/client/runner/offline_stack.go:271.2,272.16 2 2
mework/libs/client/runner/offline_stack.go:272.16,275.3 2 1
mework/libs/client/runner/offline_stack.go:276.2,290.39 6 1
mework/libs/client/runner/offline_stack.go:290.39,292.3 1 0
mework/libs/client/runner/offline_stack.go:295.2,296.9 2 1
mework/libs/client/runner/offline_stack.go:297.20,297.20 0 1
mework/libs/client/runner/offline_stack.go:298.27,299.17 1 0
mework/libs/client/runner/offline_stack.go:299.17,301.4 1 0
mework/libs/client/runner/offline_stack.go:301.9,303.4 1 0
mework/libs/client/runner/offline_stack.go:304.27,305.17 1 0
mework/libs/client/runner/offline_stack.go:305.17,307.4 1 0
mework/libs/client/runner/offline_stack.go:307.9,309.4 1 0
mework/libs/client/runner/offline_stack.go:316.2,318.36 3 1
mework/libs/client/runner/offline_stack.go:318.36,320.3 1 0
mework/libs/client/runner/offline_stack.go:321.2,321.22 1 1
mework/libs/client/runner/offline_stack.go:327.63,329.31 2 5
mework/libs/client/runner/offline_stack.go:329.31,332.3 2 0
mework/libs/client/runner/offline_stack.go:333.2,333.12 1 5
mework/libs/client/runner/offline_stack.go:333.12,335.3 1 5
mework/libs/client/runner/offline_stack.go:336.2,336.11 1 5
mework/libs/client/runner/offline_stack.go:342.52,343.37 1 0
mework/libs/client/runner/offline_stack.go:343.37,345.3 1 0
mework/libs/client/runner/offline_stack.go:346.2,346.47 1 0
mework/libs/client/runner/offline_stack.go:351.78,353.21 2 1
mework/libs/client/runner/offline_stack.go:353.21,355.17 2 0
mework/libs/client/runner/offline_stack.go:355.17,357.4 1 0
mework/libs/client/runner/offline_stack.go:358.3,358.23 1 0
mework/libs/client/runner/offline_stack.go:362.2,362.60 1 1
mework/libs/client/runner/offline_stack.go:362.60,364.3 1 0
mework/libs/client/runner/offline_stack.go:367.2,368.16 2 1
mework/libs/client/runner/offline_stack.go:368.16,370.3 1 0
mework/libs/client/runner/offline_stack.go:373.2,374.97 2 1
mework/libs/client/runner/offline_stack.go:374.97,376.3 1 0
mework/libs/client/runner/offline_stack.go:378.2,379.22 2 1
mework/libs/client/runner/offline_stack.go:379.22,381.3 1 0
mework/libs/client/runner/offline_stack.go:383.2,392.19 3 1
mework/libs/client/runner/offline_stack.go:392.19,394.3 1 0
mework/libs/client/runner/offline_stack.go:395.2,398.16 3 1
mework/libs/client/runner/offline_stack.go:398.16,400.3 1 1
mework/libs/client/runner/offline_stack.go:404.2,405.12 2 0
mework/libs/client/runner/offline_stack.go:405.12,405.52 1 0
mework/libs/client/runner/offline_stack.go:408.2,409.16 2 0
mework/libs/client/runner/offline_stack.go:409.16,413.3 3 0
mework/libs/client/runner/offline_stack.go:414.2,417.71 2 0
mework/libs/client/runner/offline_stack.go:417.71,421.3 3 0
mework/libs/client/runner/offline_stack.go:424.2,425.21 2 0
mework/libs/client/runner/offline_stack.go:425.21,427.3 1 0
mework/libs/client/runner/offline_stack.go:428.2,428.66 1 0
mework/libs/client/runner/offline_stack.go:428.66,432.3 3 0
mework/libs/client/runner/offline_stack.go:435.2,436.16 2 0
mework/libs/client/runner/offline_stack.go:436.16,440.3 3 0
mework/libs/client/runner/offline_stack.go:443.2,454.39 5 0
mework/libs/client/runner/offline_stack.go:454.39,458.3 3 0
mework/libs/client/runner/offline_stack.go:460.2,464.12 3 0
mework/libs/client/runner/offline_stack.go:464.12,464.52 1 0
mework/libs/client/runner/offline_stack.go:466.2,467.9 2 0
mework/libs/client/runner/offline_stack.go:468.20,468.20 0 0
mework/libs/client/runner/offline_stack.go:470.27,471.68 1 0
mework/libs/client/runner/offline_stack.go:472.27,473.68 1 0
mework/libs/client/runner/offline_stack.go:477.2,482.36 5 0
mework/libs/client/runner/offline_stack.go:482.36,486.3 1 0
mework/libs/client/runner/offline_stack.go:487.2,487.22 1 0
mework/libs/client/runner/offline_stack.go:492.128,493.19 1 0
mework/libs/client/runner/offline_stack.go:493.19,495.3 1 0
mework/libs/client/runner/offline_stack.go:496.2,496.19 1 0
mework/libs/client/runner/offline_stack.go:496.19,498.3 1 0
mework/libs/client/runner/offline_stack.go:499.2,499.36 1 0
mework/libs/client/runner/offline_stack.go:499.36,501.3 1 0
mework/libs/client/runner/offline_stack.go:502.2,502.12 1 0
mework/libs/client/runner/offline_stack.go:512.102,513.18 1 4
mework/libs/client/runner/offline_stack.go:513.18,515.3 1 0
mework/libs/client/runner/offline_stack.go:516.2,526.6 6 4
mework/libs/client/runner/offline_stack.go:526.6,529.17 2 4
mework/libs/client/runner/offline_stack.go:529.17,531.18 2 4
mework/libs/client/runner/offline_stack.go:531.18,533.41 2 4
mework/libs/client/runner/offline_stack.go:533.41,535.6 1 3
mework/libs/client/runner/offline_stack.go:540.3,540.10 1 1
mework/libs/client/runner/offline_stack.go:541.21,542.62 1 0
mework/libs/client/runner/offline_stack.go:543.18,544.64 1 1
mework/libs/client/runner/offline_stack.go:545.17,545.17 0 0
mework/libs/client/runner/offline_stack.go:555.93,563.16 4 3
mework/libs/client/runner/offline_stack.go:563.16,565.3 1 0
mework/libs/client/runner/offline_stack.go:566.2,572.16 3 3
mework/libs/client/runner/offline_stack.go:572.16,574.3 1 0
mework/libs/client/runner/offline_stack.go:575.2,577.53 3 3
mework/libs/client/runner/offline_stack.go:577.53,581.3 1 0
mework/libs/client/runner/offline_stack.go:582.2,585.58 2 3
mework/libs/client/runner/offline_stack.go:585.58,587.3 1 0
mework/libs/client/runner/offline_stack.go:588.2,588.25 1 3
mework/libs/client/runner/offline_stack.go:588.25,590.3 1 0
mework/libs/client/runner/offline_stack.go:593.2,597.16 3 3
mework/libs/client/runner/offline_stack.go:597.16,599.3 1 0
mework/libs/client/runner/offline_stack.go:600.2,603.16 4 3
mework/libs/client/runner/offline_stack.go:603.16,605.3 1 0
mework/libs/client/runner/offline_stack.go:606.2,608.55 3 3
mework/libs/client/runner/offline_stack.go:608.55,610.3 1 1
mework/libs/client/runner/offline_stack.go:611.2,615.69 2 2
mework/libs/client/runner/offline_stack.go:615.69,617.3 1 0
mework/libs/client/runner/offline_stack.go:618.2,618.29 1 2
mework/libs/client/runner/offline_stack.go:618.29,620.3 1 0
mework/libs/client/runner/offline_stack.go:623.2,623.68 1 2
mework/libs/client/runner/offline_stack.go:623.68,625.3 1 0
mework/libs/client/runner/offline_stack.go:626.2,626.82 1 2
mework/libs/client/runner/offline_stack.go:626.82,628.3 1 0
mework/libs/client/runner/offline_stack.go:629.2,629.12 1 2
mework/libs/client/runner/offline_stack.go:636.117,638.16 2 2
mework/libs/client/runner/offline_stack.go:638.16,640.3 1 0
mework/libs/client/runner/offline_stack.go:641.2,654.21 5 2
mework/libs/client/runner/offline_stack.go:654.21,656.18 2 0
mework/libs/client/runner/offline_stack.go:656.18,658.4 1 0
mework/libs/client/runner/offline_stack.go:659.3,659.23 1 0
mework/libs/client/runner/offline_stack.go:662.2,665.19 3 2
mework/libs/client/runner/offline_stack.go:665.19,667.3 1 0
mework/libs/client/runner/offline_stack.go:668.2,671.16 3 2
mework/libs/client/runner/offline_stack.go:671.16,673.3 1 1
mework/libs/client/runner/offline_stack.go:674.2,674.17 1 1
mework/libs/client/runner/offline_stack.go:684.51,690.2 2 0
mework/libs/client/runner/offline_stack.go:701.61,702.19 1 1
mework/libs/client/runner/offline_stack.go:702.19,704.3 1 0
mework/libs/client/runner/offline_stack.go:705.2,705.52 1 1
mework/libs/client/runner/offline_stack.go:705.52,707.3 1 0
mework/libs/client/runner/offline_stack.go:708.2,709.48 2 1
mework/libs/client/runner/offline_stack.go:709.48,711.52 2 0
mework/libs/client/runner/offline_stack.go:711.52,712.52 1 0
mework/libs/client/runner/offline_stack.go:712.52,717.5 1 0
mework/libs/client/runner/offline_stack.go:720.2,721.16 2 1
mework/libs/client/runner/offline_stack.go:721.16,723.3 1 0
mework/libs/client/runner/offline_stack.go:724.2,725.16 2 1
mework/libs/client/runner/offline_stack.go:725.16,727.3 1 0
mework/libs/client/runner/offline_stack.go:728.2,730.56 3 1
mework/libs/client/runner/offline_stack.go:730.56,732.3 1 0
mework/libs/client/runner/offline_stack.go:733.2,736.8 1 1
mework/libs/client/runner/offline_stack.go:746.37,748.40 2 2
mework/libs/client/runner/offline_stack.go:748.40,750.3 1 0
mework/libs/client/runner/offline_stack.go:751.2,751.35 1 2
mework/libs/client/runner/offline_stack.go:756.46,758.16 2 2
mework/libs/client/runner/offline_stack.go:758.16,760.49 2 2
mework/libs/client/runner/offline_stack.go:760.49,765.39 2 0
mework/libs/client/runner/offline_stack.go:765.39,766.22 1 0
mework/libs/client/runner/offline_stack.go:766.22,768.6 1 0
mework/libs/client/runner/offline_stack.go:769.5,769.23 1 0
mework/libs/client/runner/offline_stack.go:769.23,771.6 1 0
mework/libs/client/runner/offline_stack.go:775.2,775.17 1 2
mework/libs/client/runner/offline_stack.go:775.17,777.3 1 2
mework/libs/client/runner/offline_stack.go:778.2,778.18 1 2
mework/libs/client/runner/offline_stack.go:778.18,780.3 1 2
mework/libs/client/runner/offline_stack.go:781.2,781.22 1 2
mework/libs/client/runner/offline_stack.go:794.96,795.29 1 5
mework/libs/client/runner/offline_stack.go:795.29,797.3 1 0
mework/libs/client/runner/offline_stack.go:798.2,802.47 2 5
mework/libs/client/runner/offline_stack.go:802.47,803.42 1 5
mework/libs/client/runner/offline_stack.go:803.42,806.4 2 5
mework/libs/client/runner/offline_stack.go:811.41,813.20 2 4
mework/libs/client/runner/offline_stack.go:813.20,815.3 1 0
mework/libs/client/runner/offline_stack.go:816.2,817.16 2 4
mework/libs/client/runner/offline_stack.go:817.16,819.3 1 0
mework/libs/client/runner/offline_stack.go:820.2,820.15 1 4
mework/libs/client/runner/offline_stack.go:825.79,827.34 2 0
mework/libs/client/runner/offline_stack.go:827.34,828.67 1 0
mework/libs/client/runner/offline_stack.go:828.67,830.4 1 0
mework/libs/client/runner/offline_stack.go:831.3,831.37 1 0
mework/libs/client/runner/offline_stack.go:833.2,833.85 1 0
mework/libs/client/runner/offline_stack.go:838.50,840.16 2 0
mework/libs/client/runner/offline_stack.go:840.16,842.3 1 0
mework/libs/client/runner/offline_stack.go:843.2,845.21 3 0
mework/libs/client/runner/offline_stack.go:845.21,848.39 3 0
mework/libs/client/runner/offline_stack.go:848.39,849.12 1 0
mework/libs/client/runner/offline_stack.go:851.3,853.48 2 0
mework/libs/client/runner/offline_stack.go:853.48,855.18 2 0
mework/libs/client/runner/offline_stack.go:855.18,857.5 1 0
mework/libs/client/runner/offline_stack.go:860.2,860.48 1 0
mework/libs/client/runner/pidfile.go:36.42,37.30 1 9
mework/libs/client/runner/pidfile.go:37.30,39.3 1 0
mework/libs/client/runner/pidfile.go:41.2,45.16 4 9
mework/libs/client/runner/pidfile.go:45.16,46.34 1 7
mework/libs/client/runner/pidfile.go:46.34,48.4 1 7
mework/libs/client/runner/pidfile.go:49.3,49.57 1 0
mework/libs/client/runner/pidfile.go:52.2,53.41 2 2
mework/libs/client/runner/pidfile.go:53.41,57.3 3 0
mework/libs/client/runner/pidfile.go:58.2,58.34 1 2
mework/libs/client/runner/pidfile.go:58.34,60.3 1 0
mework/libs/client/runner/pidfile.go:63.2,63.48 1 2
mework/libs/client/runner/pidfile.go:63.48,65.3 1 0
mework/libs/client/runner/pidfile.go:66.2,66.12 1 2
mework/libs/client/runner/pidfile.go:71.40,72.30 1 1
mework/libs/client/runner/pidfile.go:72.30,74.3 1 0
mework/libs/client/runner/pidfile.go:75.2,76.16 2 1
mework/libs/client/runner/pidfile.go:76.16,78.3 1 0
mework/libs/client/runner/pidfile.go:79.2,80.52 2 1
mework/libs/client/runner/pidfile.go:80.52,82.3 1 0
mework/libs/client/runner/pidfile.go:83.2,83.18 1 1
mework/libs/client/runner/pidfile.go:88.34,89.30 1 2
mework/libs/client/runner/pidfile.go:89.30,91.3 1 0
mework/libs/client/runner/pidfile.go:92.2,92.77 1 2
mework/libs/client/runner/pidfile.go:92.77,94.3 1 0
mework/libs/client/runner/pidfile.go:95.2,95.12 1 2
mework/libs/client/runner/prebuilt_run.go:48.93,50.16 2 11
mework/libs/client/runner/prebuilt_run.go:50.16,52.3 1 1
mework/libs/client/runner/prebuilt_run.go:54.2,55.23 2 10
mework/libs/client/runner/prebuilt_run.go:55.23,57.3 1 0
mework/libs/client/runner/prebuilt_run.go:59.2,60.18 2 10
mework/libs/client/runner/prebuilt_run.go:60.18,62.3 1 1
mework/libs/client/runner/prebuilt_run.go:63.2,66.21 3 10
mework/libs/client/runner/prebuilt_run.go:66.21,68.3 1 8
mework/libs/client/runner/prebuilt_run.go:70.2,78.21 2 10
mework/libs/client/runner/prebuilt_run.go:78.21,80.3 1 2
mework/libs/client/runner/prebuilt_run.go:82.2,83.16 2 10
mework/libs/client/runner/prebuilt_run.go:83.16,85.3 1 1
mework/libs/client/runner/prebuilt_run.go:89.2,96.20 4 9
mework/libs/client/runner/prebuilt_run.go:96.20,97.20 1 0
mework/libs/client/runner/prebuilt_run.go:97.20,99.4 1 0
mework/libs/client/runner/prebuilt_run.go:100.3,100.30 1 0
mework/libs/client/runner/prebuilt_run.go:102.2,102.12 1 9
mework/libs/client/runner/presence.go:11.85,14.16 3 14
mework/libs/client/runner/presence.go:14.16,16.3 1 0
mework/libs/client/runner/presence.go:17.2,21.16 4 14
mework/libs/client/runner/presence.go:21.16,23.3 1 0
mework/libs/client/runner/presence.go:24.2,26.28 2 14
mework/libs/client/runner/presence.go:26.28,28.3 1 14
mework/libs/client/runner/presence.go:29.2,29.12 1 0
mework/libs/client/runner/presence.go:33.76,35.2 1 0
mework/libs/client/runner/presence.go:38.76,40.2 1 6
mework/libs/client/runner/presence.go:43.77,45.2 1 8
mework/libs/client/runner/run.go:24.73,25.25 1 1
mework/libs/client/runner/run.go:25.25,27.3 1 0
mework/libs/client/runner/run.go:28.2,28.28 1 1
mework/libs/client/runner/run.go:28.28,30.3 1 0
mework/libs/client/runner/run.go:32.2,33.9 2 1
mework/libs/client/runner/run.go:33.9,35.3 1 0
mework/libs/client/runner/run.go:35.8,37.3 1 1
mework/libs/client/runner/run.go:40.2,49.6 7 1
mework/libs/client/runner/run.go:49.6,50.10 1 1
mework/libs/client/runner/run.go:51.21,53.14 2 0
mework/libs/client/runner/run.go:54.11,54.11 0 1
mework/libs/client/runner/run.go:57.3,57.10 1 1
mework/libs/client/runner/run.go:57.10,59.11 2 0
mework/libs/client/runner/run.go:59.11,61.12 1 0
mework/libs/client/runner/run.go:62.23,63.16 1 0
mework/libs/client/runner/run.go:64.40,64.40 0 0
mework/libs/client/runner/run.go:66.5,66.13 1 0
mework/libs/client/runner/run.go:68.4,68.73 1 0
mework/libs/client/runner/run.go:71.3,73.17 3 1
mework/libs/client/runner/run.go:73.17,75.11 2 0
mework/libs/client/runner/run.go:76.22,77.15 1 0
mework/libs/client/runner/run.go:78.35,78.35 0 0
mework/libs/client/runner/run.go:80.4,80.12 1 0
mework/libs/client/runner/run.go:83.3,86.7 2 1
mework/libs/client/runner/run.go:86.7,87.11 1 1
mework/libs/client/runner/run.go:88.22,91.15 3 1
mework/libs/client/runner/run.go:92.40,93.12 1 0
mework/libs/client/runner/run.go:93.12,95.21 1 0
mework/libs/client/runner/run.go:97.4,101.70 3 0
mework/libs/client/runner/run.go:101.70,104.13 3 0
mework/libs/client/runner/run.go:107.4,110.82 2 0
mework/libs/client/runner/run.go:110.82,113.13 3 0
mework/libs/client/runner/run.go:117.4,135.23 8 0
mework/libs/client/runner/run.go:135.23,138.5 2 0
mework/libs/client/runner/run.go:138.10,145.23 4 0
mework/libs/client/runner/run.go:145.23,147.23 2 0
mework/libs/client/runner/run.go:147.23,149.7 1 0
mework/libs/client/runner/run.go:151.5,151.50 1 0
mework/libs/client/runner/run.go:153.4,161.23 5 0
mework/libs/client/runner/run.go:161.23,164.5 2 0
mework/libs/client/runner/run.go:165.4,167.91 2 0
mework/libs/client/runner/run.go:167.91,169.5 1 0
mework/libs/client/runner/run.go:169.10,171.5 1 0
mework/libs/client/runner/run.go:174.4,174.72 1 0
mework/libs/client/runner/run.go:174.72,176.5 1 0
mework/libs/client/runner/run.go:178.4,178.26 1 0
mework/libs/client/runner/run.go:182.3,183.10 2 0
mework/libs/client/runner/run.go:184.21,186.14 2 0
mework/libs/client/runner/run.go:187.34,187.34 0 0
mework/libs/client/runner/run.go:193.122,197.12 3 0
mework/libs/client/runner/run.go:197.12,199.7 2 0
mework/libs/client/runner/run.go:199.7,200.11 1 0
mework/libs/client/runner/run.go:201.24,202.11 1 0
mework/libs/client/runner/run.go:203.20,204.60 1 0
mework/libs/client/runner/run.go:204.60,206.6 1 0
mework/libs/client/runner/run.go:211.2,211.15 1 0
mework/libs/client/runner/session_dispatch.go:37.60,39.3 1 0
mework/libs/client/runner/session_dispatch.go:45.46,47.3 1 2
mework/libs/client/runner/session_dispatch.go:58.78,60.2 1 0
mework/libs/client/runner/session_dispatch.go:65.89,67.2 1 0
mework/libs/client/runner/session_dispatch.go:75.123,78.16 2 2
mework/libs/client/runner/session_dispatch.go:78.16,80.3 1 0
mework/libs/client/runner/session_dispatch.go:81.2,81.55 1 2
mework/libs/client/runner/session_dispatch.go:81.55,84.3 2 0
mework/libs/client/runner/session_dispatch.go:87.2,107.23 5 2
mework/libs/client/runner/session_dispatch.go:107.23,108.41 1 1
mework/libs/client/runner/session_dispatch.go:108.41,110.4 1 0
mework/libs/client/runner/session_dispatch.go:111.3,112.53 2 1
mework/libs/client/runner/session_dispatch.go:113.8,114.32 1 1
mework/libs/client/runner/session_dispatch.go:114.32,116.4 1 0
mework/libs/client/runner/session_dispatch.go:117.3,117.54 1 1
mework/libs/client/runner/session_dispatch.go:121.2,122.16 2 2
mework/libs/client/runner/session_dispatch.go:122.16,124.3 1 0
mework/libs/client/runner/session_dispatch.go:127.2,127.41 1 2
mework/libs/client/runner/session_dispatch.go:127.41,131.3 2 0
mework/libs/client/runner/session_dispatch.go:134.2,134.75 1 2
mework/libs/client/runner/session_dispatch.go:134.75,136.3 1 0
mework/libs/client/runner/session_dispatch.go:139.2,140.12 2 2
mework/libs/client/runner/session_dispatch.go:157.107,160.16 3 2
mework/libs/client/runner/session_dispatch.go:160.16,163.3 2 0
mework/libs/client/runner/session_dispatch.go:165.2,166.12 2 2
mework/libs/client/runner/session_dispatch.go:166.12,169.7 3 2
mework/libs/client/runner/session_dispatch.go:169.7,170.11 1 4
mework/libs/client/runner/session_dispatch.go:171.22,172.11 1 0
mework/libs/client/runner/session_dispatch.go:173.20,174.11 1 2
mework/libs/client/runner/session_dispatch.go:175.37,176.12 1 2
mework/libs/client/runner/session_dispatch.go:176.12,178.6 1 0
mework/libs/client/runner/session_dispatch.go:179.5,179.77 1 2
mework/libs/client/runner/session_dispatch.go:179.77,181.6 1 0
mework/libs/client/runner/session_dispatch.go:189.125,191.65 2 2
mework/libs/client/runner/session_dispatch.go:191.65,194.3 2 0
mework/libs/client/runner/session_dispatch.go:196.2,196.21 1 2
mework/libs/client/runner/session_dispatch.go:197.15,198.49 1 0
mework/libs/client/runner/session_dispatch.go:198.49,200.4 1 0
mework/libs/client/runner/session_dispatch.go:201.3,202.14 2 0
mework/libs/client/runner/session_dispatch.go:203.16,204.50 1 0
mework/libs/client/runner/session_dispatch.go:204.50,206.4 1 0
mework/libs/client/runner/session_dispatch.go:207.3,207.15 1 0
mework/libs/client/runner/session_dispatch.go:208.10,210.69 1 2
mework/libs/client/runner/session_dispatch.go:210.69,212.4 1 0
mework/libs/client/runner/session_dispatch.go:213.3,213.15 1 2
mework/libs/client/runner/session_events.go:34.85,40.2 1 17
mework/libs/client/runner/session_events.go:46.82,47.17 1 9
mework/libs/client/runner/session_events.go:47.17,50.3 1 0
mework/libs/client/runner/session_events.go:52.2,53.32 2 9
mework/libs/client/runner/session_events.go:53.32,57.3 1 0
mework/libs/client/runner/session_events.go:59.2,59.19 1 9
mework/libs/client/runner/session_events.go:59.19,60.103 1 0
mework/libs/client/runner/session_events.go:60.103,62.4 1 0
mework/libs/client/runner/session_events.go:63.3,63.105 1 0
mework/libs/client/runner/session_events.go:63.105,65.4 1 0
mework/libs/client/runner/session_events.go:67.2,67.67 1 9
mework/libs/client/runner/session_events.go:70.83,72.16 2 9
mework/libs/client/runner/session_events.go:72.16,74.3 1 0
mework/libs/client/runner/session_events.go:75.2,75.70 1 9
mework/libs/client/runner/session_events.go:79.65,81.53 2 0
mework/libs/client/runner/session_events.go:81.53,83.3 1 0
mework/libs/client/runner/session_events.go:84.2,84.16 1 0
mework/libs/client/runner/workspace_start.go:54.86,64.2 1 4
mework/libs/client/cli/auth.go:21.54,24.18 2 0
mework/libs/client/cli/auth.go:24.18,29.4 4 0
mework/libs/client/cli/auth.go:30.3,30.18 1 0
mework/libs/client/cli/auth.go:30.18,32.4 1 0
mework/libs/client/cli/auth.go:34.3,35.17 2 0
mework/libs/client/cli/auth.go:35.17,37.4 1 0
mework/libs/client/cli/auth.go:39.3,41.17 3 0
mework/libs/client/cli/auth.go:41.17,43.4 1 0
mework/libs/client/cli/auth.go:44.3,45.45 2 0
mework/libs/client/cli/auth.go:45.45,47.4 1 0
mework/libs/client/cli/auth.go:48.3,49.13 2 0
mework/libs/client/cli/auth.go:62.54,64.17 2 0
mework/libs/client/cli/auth.go:64.17,66.4 1 0
mework/libs/client/cli/auth.go:67.3,68.17 2 0
mework/libs/client/cli/auth.go:68.17,70.4 1 0
mework/libs/client/cli/auth.go:71.3,74.13 4 0
mework/libs/client/cli/auth.go:81.54,83.17 2 0
mework/libs/client/cli/auth.go:83.17,85.4 1 0
mework/libs/client/cli/auth.go:86.3,87.45 2 0
mework/libs/client/cli/auth.go:87.45,89.4 1 0
mework/libs/client/cli/auth.go:90.3,91.13 2 0
mework/libs/client/cli/auth.go:95.13,98.2 2 1
mework/libs/client/cli/board.go:20.54,22.17 2 0
mework/libs/client/cli/board.go:22.17,24.4 1 0
mework/libs/client/cli/board.go:25.3,26.17 2 0
mework/libs/client/cli/board.go:26.17,28.4 1 0
mework/libs/client/cli/board.go:29.3,29.15 1 0
mework/libs/client/cli/board.go:29.15,31.4 1 0
mework/libs/client/cli/board.go:32.3,34.33 3 0
mework/libs/client/cli/board.go:34.33,36.4 1 0
mework/libs/client/cli/board.go:37.3,37.19 1 0
mework/libs/client/cli/board.go:50.54,52.17 2 0
mework/libs/client/cli/board.go:52.17,54.4 1 0
mework/libs/client/cli/board.go:55.3,56.17 2 0
mework/libs/client/cli/board.go:56.17,58.4 1 0
mework/libs/client/cli/board.go:59.3,60.17 2 0
mework/libs/client/cli/board.go:60.17,62.4 1 0
mework/libs/client/cli/board.go:63.3,63.15 1 0
mework/libs/client/cli/board.go:63.15,65.4 1 0
mework/libs/client/cli/board.go:66.3,68.28 3 0
mework/libs/client/cli/board.go:68.28,70.4 1 0
mework/libs/client/cli/board.go:71.3,71.19 1 0
mework/libs/client/cli/board.go:79.54,81.17 2 0
mework/libs/client/cli/board.go:81.17,83.4 1 0
mework/libs/client/cli/board.go:84.3,85.17 2 0
mework/libs/client/cli/board.go:85.17,87.4 1 0
mework/libs/client/cli/board.go:88.3,88.15 1 0
mework/libs/client/cli/board.go:88.15,90.4 1 0
mework/libs/client/cli/board.go:91.3,94.35 4 0
mework/libs/client/cli/board.go:94.35,96.4 1 0
mework/libs/client/cli/board.go:97.3,97.19 1 0
mework/libs/client/cli/board.go:101.13,107.2 5 1
mework/libs/client/cli/client.go:17.79,19.16 2 0
mework/libs/client/cli/client.go:19.16,21.3 1 0
mework/libs/client/cli/client.go:22.2,23.17 2 0
mework/libs/client/cli/client.go:23.17,25.3 1 0
mework/libs/client/cli/client.go:26.2,27.75 2 0
mework/libs/client/cli/client.go:31.67,33.16 2 0
mework/libs/client/cli/client.go:33.16,35.3 1 0
mework/libs/client/cli/client.go:36.2,37.21 2 0
mework/libs/client/cli/client.go:37.21,39.3 1 0
mework/libs/client/cli/client.go:40.2,40.21 1 0
mework/libs/client/cli/client.go:40.21,42.3 1 0
mework/libs/client/cli/client.go:43.2,43.65 1 0
mework/libs/client/cli/client.go:47.81,49.14 2 0
mework/libs/client/cli/client.go:49.14,51.3 1 0
mework/libs/client/cli/client.go:52.2,52.16 1 0
mework/libs/client/cli/cmd_agent.go:24.54,26.3 1 0
mework/libs/client/cli/cmd_agent.go:42.54,45.17 3 0
mework/libs/client/cli/cmd_agent.go:45.17,47.4 1 0
mework/libs/client/cli/cmd_agent.go:49.3,54.44 4 0
mework/libs/client/cli/cmd_agent.go:54.44,56.4 1 0
mework/libs/client/cli/cmd_agent.go:58.3,58.15 1 0
mework/libs/client/cli/cmd_agent.go:58.15,70.30 3 0
mework/libs/client/cli/cmd_agent.go:70.30,75.6 1 0
mework/libs/client/cli/cmd_agent.go:76.5,77.31 2 0
mework/libs/client/cli/cmd_agent.go:77.31,82.6 1 0
mework/libs/client/cli/cmd_agent.go:83.5,85.31 3 0
mework/libs/client/cli/cmd_agent.go:89.4,93.51 4 0
mework/libs/client/cli/cmd_agent.go:93.51,95.5 1 0
mework/libs/client/cli/cmd_agent.go:96.4,96.29 1 0
mework/libs/client/cli/cmd_agent.go:96.29,98.5 1 0
mework/libs/client/cli/cmd_agent.go:99.4,99.36 1 0
mework/libs/client/cli/cmd_agent.go:99.36,101.5 1 0
mework/libs/client/cli/cmd_agent.go:102.4,102.21 1 0
mework/libs/client/cli/cmd_agent.go:112.54,119.64 4 0
mework/libs/client/cli/cmd_agent.go:119.64,120.51 1 0
mework/libs/client/cli/cmd_agent.go:120.51,122.5 1 0
mework/libs/client/cli/cmd_agent.go:123.4,125.18 3 0
mework/libs/client/cli/cmd_agent.go:125.18,127.5 1 0
mework/libs/client/cli/cmd_agent.go:128.4,128.20 1 0
mework/libs/client/cli/cmd_agent.go:128.20,130.5 1 0
mework/libs/client/cli/cmd_agent.go:131.4,131.21 1 0
mework/libs/client/cli/cmd_agent.go:131.21,133.5 1 0
mework/libs/client/cli/cmd_agent.go:134.4,134.14 1 0
mework/libs/client/cli/cmd_agent.go:138.3,139.17 2 0
mework/libs/client/cli/cmd_agent.go:139.17,141.4 1 0
mework/libs/client/cli/cmd_agent.go:143.3,147.15 2 0
mework/libs/client/cli/cmd_agent.go:147.15,150.18 3 0
mework/libs/client/cli/cmd_agent.go:150.18,152.5 1 0
mework/libs/client/cli/cmd_agent.go:155.4,157.14 3 0
mework/libs/client/cli/cmd_agent.go:157.14,159.20 2 0
mework/libs/client/cli/cmd_agent.go:159.20,162.6 2 0
mework/libs/client/cli/cmd_agent.go:163.5,167.20 4 0
mework/libs/client/cli/cmd_agent.go:167.20,170.6 2 0
mework/libs/client/cli/cmd_agent.go:171.5,172.41 2 0
mework/libs/client/cli/cmd_agent.go:172.41,175.6 2 0
mework/libs/client/cli/cmd_agent.go:177.5,180.24 4 0
mework/libs/client/cli/cmd_agent.go:180.24,182.13 2 0
mework/libs/client/cli/cmd_agent.go:183.45,184.48 1 0
mework/libs/client/cli/cmd_agent.go:185.22,186.21 1 0
mework/libs/client/cli/cmd_agent.go:186.21,189.8 2 0
mework/libs/client/cli/cmd_agent.go:192.5,192.18 1 0
mework/libs/client/cli/cmd_agent.go:196.4,198.19 3 0
mework/libs/client/cli/cmd_agent.go:198.19,200.5 1 0
mework/libs/client/cli/cmd_agent.go:201.4,201.37 1 0
mework/libs/client/cli/cmd_agent.go:201.37,203.5 1 0
mework/libs/client/cli/cmd_agent.go:206.4,209.8 3 0
mework/libs/client/cli/cmd_agent.go:209.8,210.12 1 0
mework/libs/client/cli/cmd_agent.go:211.33,212.13 1 0
mework/libs/client/cli/cmd_agent.go:212.13,214.7 1 0
mework/libs/client/cli/cmd_agent.go:215.6,219.52 2 0
mework/libs/client/cli/cmd_agent.go:219.52,220.15 1 0
mework/libs/client/cli/cmd_agent.go:222.6,222.21 1 0
mework/libs/client/cli/cmd_agent.go:223.30,224.27 1 0
mework/libs/client/cli/cmd_agent.go:224.27,226.8 1 0
mework/libs/client/cli/cmd_agent.go:227.18,229.17 2 0
mework/libs/client/cli/cmd_agent.go:230.19,232.27 2 0
mework/libs/client/cli/cmd_agent.go:232.27,234.8 1 0
mework/libs/client/cli/cmd_agent.go:235.7,235.39 1 0
mework/libs/client/cli/cmd_agent.go:237.25,238.16 1 0
mework/libs/client/cli/cmd_agent.go:239.19,241.61 2 0
mework/libs/client/cli/cmd_agent.go:243.5,243.21 1 0
mework/libs/client/cli/cmd_agent.go:243.21,244.13 1 0
mework/libs/client/cli/cmd_agent.go:244.29,244.29 0 0
mework/libs/client/cli/cmd_agent.go:244.38,244.38 0 0
mework/libs/client/cli/cmd_agent.go:246.5,246.34 1 0
mework/libs/client/cli/cmd_agent.go:251.3,253.17 3 0
mework/libs/client/cli/cmd_agent.go:253.17,255.4 1 0
mework/libs/client/cli/cmd_agent.go:256.3,256.36 1 0
mework/libs/client/cli/cmd_agent.go:256.36,258.4 1 0
mework/libs/client/cli/cmd_agent.go:259.3,260.15 2 0
mework/libs/client/cli/cmd_agent.go:260.15,262.4 1 0
mework/libs/client/cli/cmd_agent.go:263.3,264.13 2 0
mework/libs/client/cli/cmd_agent.go:270.29,272.16 2 0
mework/libs/client/cli/cmd_agent.go:272.16,274.3 1 0
mework/libs/client/cli/cmd_agent.go:275.2,275.19 1 0
mework/libs/client/cli/cmd_agent.go:278.13,283.2 4 1
mework/libs/client/cli/cmd_init.go:32.56,33.28 1 3
mework/libs/client/cli/cmd_init.go:33.28,35.6 1 0
mework/libs/client/cli/cmd_init.go:36.5,36.24 1 3
mework/libs/client/cli/cmd_init.go:36.24,38.6 1 0
mework/libs/client/cli/cmd_init.go:39.5,39.23 1 3
mework/libs/client/cli/cmd_init.go:39.23,41.6 1 0
mework/libs/client/cli/cmd_init.go:42.4,42.27 1 3
mework/libs/client/cli/cmd_init.go:42.27,44.5 1 0
mework/libs/client/cli/cmd_init.go:45.4,45.23 1 3
mework/libs/client/cli/cmd_init.go:45.23,47.5 1 0
mework/libs/client/cli/cmd_init.go:49.4,49.53 1 3
mework/libs/client/cli/cmd_init.go:49.53,51.5 1 1
mework/libs/client/cli/cmd_init.go:52.4,54.17 3 2
mework/libs/client/cli/cmd_init.go:54.17,56.4 1 0
mework/libs/client/cli/cmd_init.go:59.3,60.59 2 2
mework/libs/client/cli/cmd_init.go:60.59,62.21 2 4
mework/libs/client/cli/cmd_init.go:62.21,64.74 2 0
mework/libs/client/cli/cmd_init.go:64.74,66.6 1 0
mework/libs/client/cli/cmd_init.go:71.3,72.17 2 2
mework/libs/client/cli/cmd_init.go:72.17,74.4 1 0
mework/libs/client/cli/cmd_init.go:75.3,76.79 2 2
mework/libs/client/cli/cmd_init.go:76.79,78.4 1 0
mework/libs/client/cli/cmd_init.go:81.3,81.62 1 2
mework/libs/client/cli/cmd_init.go:81.62,84.55 3 2
mework/libs/client/cli/cmd_init.go:84.55,86.5 1 0
mework/libs/client/cli/cmd_init.go:86.10,90.5 2 2
mework/libs/client/cli/cmd_init.go:93.3,103.13 11 2
mework/libs/client/cli/cmd_init.go:108.48,114.45 3 4
mework/libs/client/cli/cmd_init.go:114.45,115.51 1 4
mework/libs/client/cli/cmd_init.go:115.51,122.4 2 4
mework/libs/client/cli/cmd_init.go:125.2,125.43 1 4
mework/libs/client/cli/cmd_init.go:125.43,130.3 1 4
mework/libs/client/cli/cmd_init.go:131.2,131.31 1 4
mework/libs/client/cli/cmd_init.go:131.31,132.54 1 24
mework/libs/client/cli/cmd_init.go:132.54,134.4 1 0
mework/libs/client/cli/cmd_init.go:136.2,136.11 1 4
mework/libs/client/cli/cmd_init.go:140.33,141.45 1 2
mework/libs/client/cli/cmd_init.go:141.45,142.51 1 2
mework/libs/client/cli/cmd_init.go:142.51,148.6 2 2
mework/libs/client/cli/cmd_init.go:148.6,149.57 1 6
mework/libs/client/cli/cmd_init.go:149.57,151.6 1 0
mework/libs/client/cli/cmd_init.go:155.2,155.43 1 2
mework/libs/client/cli/cmd_init.go:155.43,156.81 1 2
mework/libs/client/cli/cmd_init.go:156.81,158.4 1 0
mework/libs/client/cli/cmd_init.go:160.2,160.21 1 2
mework/libs/client/cli/cmd_init.go:164.59,165.81 1 0
mework/libs/client/cli/cmd_init.go:165.81,166.17 1 0
mework/libs/client/cli/cmd_init.go:166.17,168.4 1 0
mework/libs/client/cli/cmd_init.go:169.3,170.17 2 0
mework/libs/client/cli/cmd_init.go:170.17,172.4 1 0
mework/libs/client/cli/cmd_init.go:173.3,174.16 2 0
mework/libs/client/cli/cmd_init.go:174.16,176.4 1 0
mework/libs/client/cli/cmd_init.go:177.3,178.17 2 0
mework/libs/client/cli/cmd_init.go:178.17,180.4 1 0
mework/libs/client/cli/cmd_init.go:181.3,183.54 3 0
mework/libs/client/cli/cmd_init.go:187.13,193.2 5 1
mework/libs/client/cli/cmd_init.go:198.63,205.20 2 2
mework/libs/client/cli/cmd_init.go:205.20,207.3 1 1
mework/libs/client/cli/cmd_init.go:208.2,211.13 1 1
mework/libs/client/cli/cmd_mezon_bot.go:42.54,49.34 6 0
mework/libs/client/cli/cmd_mezon_bot.go:49.34,51.4 1 0
mework/libs/client/cli/cmd_mezon_bot.go:52.3,52.17 1 0
mework/libs/client/cli/cmd_mezon_bot.go:52.17,54.4 1 0
mework/libs/client/cli/cmd_mezon_bot.go:56.3,66.17 4 0
mework/libs/client/cli/cmd_mezon_bot.go:66.17,68.4 1 0
mework/libs/client/cli/cmd_mezon_bot.go:69.3,69.36 1 0
mework/libs/client/cli/cmd_mezon_bot.go:69.36,71.4 1 0
mework/libs/client/cli/cmd_mezon_bot.go:72.3,72.35 1 0
mework/libs/client/cli/cmd_mezon_bot.go:72.35,74.4 1 0
mework/libs/client/cli/cmd_mezon_bot.go:76.3,80.13 5 0
mework/libs/client/cli/cmd_mezon_bot.go:87.54,90.17 3 0
mework/libs/client/cli/cmd_mezon_bot.go:90.17,92.4 1 0
mework/libs/client/cli/cmd_mezon_bot.go:93.3,93.30 1 0
mework/libs/client/cli/cmd_mezon_bot.go:93.30,95.4 1 0
mework/libs/client/cli/cmd_mezon_bot.go:97.3,97.21 1 0
mework/libs/client/cli/cmd_mezon_bot.go:97.21,100.4 2 0
mework/libs/client/cli/cmd_mezon_bot.go:102.3,104.26 3 0
mework/libs/client/cli/cmd_mezon_bot.go:104.26,106.4 1 0
mework/libs/client/cli/cmd_mezon_bot.go:107.3,107.20 1 0
mework/libs/client/cli/cmd_mezon_bot.go:115.54,118.17 3 0
mework/libs/client/cli/cmd_mezon_bot.go:118.17,120.4 1 0
mework/libs/client/cli/cmd_mezon_bot.go:121.3,121.36 1 0
mework/libs/client/cli/cmd_mezon_bot.go:121.36,123.4 1 0
mework/libs/client/cli/cmd_mezon_bot.go:124.3,124.30 1 0
mework/libs/client/cli/cmd_mezon_bot.go:124.30,126.4 1 0
mework/libs/client/cli/cmd_mezon_bot.go:128.3,137.13 10 0
mework/libs/client/cli/cmd_mezon_bot.go:145.54,147.17 2 0
mework/libs/client/cli/cmd_mezon_bot.go:147.17,149.4 1 0
mework/libs/client/cli/cmd_mezon_bot.go:150.3,150.36 1 0
mework/libs/client/cli/cmd_mezon_bot.go:150.36,152.4 1 0
mework/libs/client/cli/cmd_mezon_bot.go:153.3,153.37 1 0
mework/libs/client/cli/cmd_mezon_bot.go:153.37,155.4 1 0
mework/libs/client/cli/cmd_mezon_bot.go:156.3,157.13 2 0
mework/libs/client/cli/cmd_mezon_bot.go:165.54,168.17 3 0
mework/libs/client/cli/cmd_mezon_bot.go:168.17,170.4 1 0
mework/libs/client/cli/cmd_mezon_bot.go:171.3,171.36 1 0
mework/libs/client/cli/cmd_mezon_bot.go:171.36,173.4 1 0
mework/libs/client/cli/cmd_mezon_bot.go:174.3,174.37 1 0
mework/libs/client/cli/cmd_mezon_bot.go:174.37,176.4 1 0
mework/libs/client/cli/cmd_mezon_bot.go:177.3,178.13 2 0
mework/libs/client/cli/cmd_mezon_bot.go:186.54,189.17 3 0
mework/libs/client/cli/cmd_mezon_bot.go:189.17,191.4 1 0
mework/libs/client/cli/cmd_mezon_bot.go:192.3,192.36 1 0
mework/libs/client/cli/cmd_mezon_bot.go:192.36,194.4 1 0
mework/libs/client/cli/cmd_mezon_bot.go:195.3,195.37 1 0
mework/libs/client/cli/cmd_mezon_bot.go:195.37,197.4 1 0
mework/libs/client/cli/cmd_mezon_bot.go:198.3,199.13 2 0
mework/libs/client/cli/cmd_mezon_bot.go:203.13,213.2 7 1
mework/libs/client/cli/cmd_mezon_bot.go:216.74,218.16 2 0
mework/libs/client/cli/cmd_mezon_bot.go:218.16,220.3 1 0
mework/libs/client/cli/cmd_mezon_bot.go:222.2,223.17 2 0
mework/libs/client/cli/cmd_mezon_bot.go:223.17,225.17 2 0
mework/libs/client/cli/cmd_mezon_bot.go:225.17,227.4 1 0
mework/libs/client/cli/cmd_mezon_bot.go:230.2,231.16 2 0
mework/libs/client/cli/cmd_mezon_bot.go:231.16,233.3 1 0
mework/libs/client/cli/cmd_mezon_bot.go:234.2,239.16 5 0
mework/libs/client/cli/cmd_mezon_bot.go:239.16,241.3 1 0
mework/libs/client/cli/cmd_mezon_bot.go:242.2,244.67 2 0
mework/libs/client/cli/cmd_mezon_bot.go:244.67,245.64 1 0
mework/libs/client/cli/cmd_mezon_bot.go:245.64,247.4 1 0
mework/libs/client/cli/cmd_mezon_bot.go:250.2,250.29 1 0
mework/libs/client/cli/cmd_mezon_worker.go:34.54,35.68 1 0
mework/libs/client/cli/cmd_mezon_worker.go:35.68,38.4 2 0
mework/libs/client/cli/cmd_mezon_worker.go:40.3,41.19 2 0
mework/libs/client/cli/cmd_mezon_worker.go:41.19,43.4 1 0
mework/libs/client/cli/cmd_mezon_worker.go:45.3,45.28 1 0
mework/libs/client/cli/cmd_mezon_worker.go:45.28,47.4 1 0
mework/libs/client/cli/cmd_mezon_worker.go:48.3,48.43 1 0
mework/libs/client/cli/cmd_mezon_worker.go:55.54,57.15 2 0
mework/libs/client/cli/cmd_mezon_worker.go:57.15,61.4 3 0
mework/libs/client/cli/cmd_mezon_worker.go:63.3,63.51 1 0
mework/libs/client/cli/cmd_mezon_worker.go:63.51,66.14 3 0
mework/libs/client/cli/cmd_mezon_worker.go:66.14,67.29 1 0
mework/libs/client/cli/cmd_mezon_worker.go:67.29,68.60 1 0
mework/libs/client/cli/cmd_mezon_worker.go:68.60,71.7 2 0
mework/libs/client/cli/cmd_mezon_worker.go:72.6,72.40 1 0
mework/libs/client/cli/cmd_mezon_worker.go:74.5,75.16 2 0
mework/libs/client/cli/cmd_mezon_worker.go:77.4,77.10 1 0
mework/libs/client/cli/cmd_mezon_worker.go:80.3,82.13 3 0
mework/libs/client/cli/cmd_mezon_worker.go:89.54,91.14 2 0
mework/libs/client/cli/cmd_mezon_worker.go:91.14,93.4 1 0
mework/libs/client/cli/cmd_mezon_worker.go:93.9,95.4 1 0
mework/libs/client/cli/cmd_mezon_worker.go:97.3,98.19 2 0
mework/libs/client/cli/cmd_mezon_worker.go:98.19,100.4 1 0
mework/libs/client/cli/cmd_mezon_worker.go:100.9,102.4 1 0
mework/libs/client/cli/cmd_mezon_worker.go:103.3,103.13 1 0
mework/libs/client/cli/cmd_mezon_worker.go:110.54,113.3 2 0
mework/libs/client/cli/cmd_mezon_worker.go:116.13,120.2 3 1
mework/libs/client/cli/cmd_mezon_worker.go:123.51,125.45 1 0
mework/libs/client/cli/cmd_mezon_worker.go:125.45,131.3 1 0
mework/libs/client/cli/cmd_mezon_worker.go:134.2,135.16 2 0
mework/libs/client/cli/cmd_mezon_worker.go:135.16,137.3 1 0
mework/libs/client/cli/cmd_mezon_worker.go:138.2,138.18 1 0
mework/libs/client/cli/cmd_mezon_worker.go:142.69,143.60 1 0
mework/libs/client/cli/cmd_mezon_worker.go:143.60,145.3 1 0
mework/libs/client/cli/cmd_mezon_worker.go:146.2,152.21 5 0
mework/libs/client/cli/cmd_mezon_worker.go:152.21,154.3 1 0
mework/libs/client/cli/cmd_mezon_worker.go:156.2,163.40 7 0
mework/libs/client/cli/cmd_mezon_worker.go:163.40,164.23 1 0
mework/libs/client/cli/cmd_mezon_worker.go:164.23,166.4 1 0
mework/libs/client/cli/cmd_mezon_worker.go:167.3,167.13 1 0
mework/libs/client/cli/cmd_mezon_worker.go:169.2,169.12 1 0
mework/libs/client/cli/cmd_mezon_worker.go:173.71,175.21 2 0
mework/libs/client/cli/cmd_mezon_worker.go:175.21,177.3 1 0
mework/libs/client/cli/cmd_mezon_worker.go:179.2,180.16 2 0
mework/libs/client/cli/cmd_mezon_worker.go:180.16,182.3 1 0
mework/libs/client/cli/cmd_mezon_worker.go:183.2,190.38 6 0
mework/libs/client/cli/cmd_mezon_worker.go:190.38,192.3 1 0
mework/libs/client/cli/cmd_mezon_worker.go:194.2,197.60 3 0
mework/libs/client/cli/cmd_mezon_worker.go:197.60,199.3 1 0
mework/libs/client/cli/cmd_mezon_worker.go:201.2,202.12 2 0
mework/libs/client/cli/cmd_mezon_worker.go:208.64,214.25 4 0
mework/libs/client/cli/cmd_mezon_worker.go:214.25,216.3 1 0
mework/libs/client/cli/cmd_mezon_worker.go:219.2,219.37 1 0
mework/libs/client/cli/cmd_mezon_worker.go:219.37,220.85 1 0
mework/libs/client/cli/cmd_mezon_worker.go:220.85,222.4 1 0
mework/libs/client/cli/cmd_mezon_worker.go:226.2,226.42 1 0
mework/libs/client/cli/cmd_mezon_worker.go:226.42,228.59 2 0
mework/libs/client/cli/cmd_mezon_worker.go:228.59,229.27 1 0
mework/libs/client/cli/cmd_mezon_worker.go:229.27,231.5 1 0
mework/libs/client/cli/cmd_mezon_worker.go:231.10,231.32 1 0
mework/libs/client/cli/cmd_mezon_worker.go:231.32,233.5 1 0
mework/libs/client/cli/cmd_mezon_worker.go:235.3,235.52 1 0
mework/libs/client/cli/cmd_mezon_worker.go:238.2,238.12 1 0
mework/libs/client/cli/cmd_mezon_worker.go:243.37,245.16 2 0
mework/libs/client/cli/cmd_mezon_worker.go:245.16,247.3 1 0
mework/libs/client/cli/cmd_mezon_worker.go:248.2,249.39 2 0
mework/libs/client/cli/cmd_mezon_worker.go:249.39,251.3 1 0
mework/libs/client/cli/cmd_mezon_worker.go:252.2,256.49 2 0
mework/libs/client/cli/cmd_mezon_worker.go:256.49,258.3 1 0
mework/libs/client/cli/cmd_mezon_worker.go:260.2,260.31 1 0
mework/libs/client/cli/cmd_mezon_worker.go:260.31,261.59 1 0
mework/libs/client/cli/cmd_mezon_worker.go:261.59,263.4 1 0
mework/libs/client/cli/cmd_mezon_worker.go:265.2,265.11 1 0
mework/libs/client/cli/cmd_mezon_worker.go:269.32,270.35 1 0
mework/libs/client/cli/cmd_mezon_worker.go:270.35,271.18 1 0
mework/libs/client/cli/cmd_mezon_worker.go:271.18,273.4 1 0
mework/libs/client/cli/cmd_mezon_worker.go:275.2,275.11 1 0
mework/libs/client/cli/cmd_mezon_worker.go:279.38,281.16 2 0
mework/libs/client/cli/cmd_mezon_worker.go:281.16,282.25 1 0
mework/libs/client/cli/cmd_mezon_worker.go:282.25,285.4 2 0
mework/libs/client/cli/cmd_mezon_worker.go:286.3,286.13 1 0
mework/libs/client/cli/cmd_mezon_worker.go:288.2,291.6 3 0
mework/libs/client/cli/cmd_mezon_worker.go:291.6,293.20 2 0
mework/libs/client/cli/cmd_mezon_worker.go:293.20,295.4 1 0
mework/libs/client/cli/cmd_mezon_worker.go:296.3,296.17 1 0
mework/libs/client/cli/cmd_mezon_worker.go:296.17,297.14 1 0
mework/libs/client/cli/cmd_mezon_worker.go:297.14,299.13 2 0
mework/libs/client/cli/cmd_mezon_worker.go:301.4,301.9 1 0
mework/libs/client/cli/cmd_mezon_worker.go:304.2,304.12 1 0
mework/libs/client/cli/cmd_provider_mezon.go:31.35,33.2 1 3
mework/libs/client/cli/cmd_provider_mezon.go:46.54,51.18 4 1
mework/libs/client/cli/cmd_provider_mezon.go:51.18,53.4 1 0
mework/libs/client/cli/cmd_provider_mezon.go:54.3,54.19 1 1
mework/libs/client/cli/cmd_provider_mezon.go:54.19,56.4 1 0
mework/libs/client/cli/cmd_provider_mezon.go:58.3,63.17 2 1
mework/libs/client/cli/cmd_provider_mezon.go:63.17,65.4 1 0
mework/libs/client/cli/cmd_provider_mezon.go:67.3,68.64 2 1
mework/libs/client/cli/cmd_provider_mezon.go:68.64,70.4 1 0
mework/libs/client/cli/cmd_provider_mezon.go:74.3,74.57 1 1
mework/libs/client/cli/cmd_provider_mezon.go:74.57,76.4 1 0
mework/libs/client/cli/cmd_provider_mezon.go:78.3,79.13 2 1
mework/libs/client/cli/cmd_provider_mezon.go:86.54,89.17 3 2
mework/libs/client/cli/cmd_provider_mezon.go:89.17,90.26 1 0
mework/libs/client/cli/cmd_provider_mezon.go:90.26,94.5 3 0
mework/libs/client/cli/cmd_provider_mezon.go:95.4,95.50 1 0
mework/libs/client/cli/cmd_provider_mezon.go:99.3,99.34 1 2
mework/libs/client/cli/cmd_provider_mezon.go:99.34,101.4 1 1
mework/libs/client/cli/cmd_provider_mezon.go:103.3,104.17 2 1
mework/libs/client/cli/cmd_provider_mezon.go:104.17,106.4 1 0
mework/libs/client/cli/cmd_provider_mezon.go:107.3,108.53 2 1
mework/libs/client/cli/cmd_provider_mezon.go:108.53,110.4 1 0
mework/libs/client/cli/cmd_provider_mezon.go:112.3,113.25 2 1
mework/libs/client/cli/cmd_provider_mezon.go:113.25,115.4 1 1
mework/libs/client/cli/cmd_provider_mezon.go:117.3,119.25 3 1
mework/libs/client/cli/cmd_provider_mezon.go:119.25,121.4 1 1
mework/libs/client/cli/cmd_provider_mezon.go:121.9,123.4 1 0
mework/libs/client/cli/cmd_provider_mezon.go:124.3,124.13 1 1
mework/libs/client/cli/cmd_provider_mezon.go:128.13,134.2 5 1
mework/libs/client/cli/cmd_runner.go:19.54,21.3 1 0
mework/libs/client/cli/cmd_runner.go:32.54,39.34 3 4
mework/libs/client/cli/cmd_runner.go:39.34,40.11 1 6
mework/libs/client/cli/cmd_runner.go:41.47,43.8 2 3
mework/libs/client/cli/cmd_runner.go:44.49,46.8 2 3
mework/libs/client/cli/cmd_runner.go:50.3,50.16 1 4
mework/libs/client/cli/cmd_runner.go:50.16,52.4 1 1
mework/libs/client/cli/cmd_runner.go:53.3,53.18 1 3
mework/libs/client/cli/cmd_runner.go:53.18,55.4 1 1
mework/libs/client/cli/cmd_runner.go:61.3,62.17 2 2
mework/libs/client/cli/cmd_runner.go:62.17,64.4 1 1
mework/libs/client/cli/cmd_runner.go:66.3,67.13 2 1
mework/libs/client/cli/cmd_runner.go:71.13,75.2 2 1
mework/libs/client/cli/cmd_sandbox.go:21.54,23.3 1 0
mework/libs/client/cli/cmd_sandbox.go:33.54,37.16 3 0
mework/libs/client/cli/cmd_sandbox.go:37.16,39.4 1 0
mework/libs/client/cli/cmd_sandbox.go:40.3,41.17 2 0
mework/libs/client/cli/cmd_sandbox.go:41.17,43.4 1 0
mework/libs/client/cli/cmd_sandbox.go:48.3,49.17 2 0
[...]
mework/libs/client/cli/cmd_session.go:178.3,179.13 2 0
mework/libs/client/cli/cmd_session.go:188.54,191.17 3 0
mework/libs/client/cli/cmd_session.go:191.17,193.4 1 0
mework/libs/client/cli/cmd_session.go:194.3,196.17 3 0
mework/libs/client/cli/cmd_session.go:196.17,198.4 1 0
mework/libs/client/cli/cmd_session.go:199.3,199.95 1 0
mework/libs/client/cli/cmd_session.go:199.95,201.4 1 0
mework/libs/client/cli/cmd_session.go:202.3,203.13 2 0
mework/libs/client/cli/cmd_session.go:212.54,215.17 3 0
mework/libs/client/cli/cmd_session.go:215.17,217.4 1 0
mework/libs/client/cli/cmd_session.go:218.3,218.103 1 0
mework/libs/client/cli/cmd_session.go:218.103,220.4 1 0
mework/libs/client/cli/cmd_session.go:221.3,222.13 2 0
mework/libs/client/cli/cmd_session.go:233.54,238.53 4 0
mework/libs/client/cli/cmd_session.go:238.53,239.51 1 0
mework/libs/client/cli/cmd_session.go:239.51,241.5 1 0
mework/libs/client/cli/cmd_session.go:244.3,245.17 2 0
mework/libs/client/cli/cmd_session.go:245.17,247.4 1 0
mework/libs/client/cli/cmd_session.go:249.3,250.17 2 0
mework/libs/client/cli/cmd_session.go:250.17,252.4 1 0
mework/libs/client/cli/cmd_session.go:253.3,257.17 4 0
mework/libs/client/cli/cmd_session.go:257.17,259.4 1 0
mework/libs/client/cli/cmd_session.go:260.3,261.39 2 0
mework/libs/client/cli/cmd_session.go:261.39,264.4 2 0
mework/libs/client/cli/cmd_session.go:268.3,269.13 2 0
mework/libs/client/cli/cmd_session.go:269.13,274.23 5 0
mework/libs/client/cli/cmd_session.go:274.23,276.12 2 0
mework/libs/client/cli/cmd_session.go:277.44,278.47 1 0
mework/libs/client/cli/cmd_session.go:279.43,280.46 1 0
mework/libs/client/cli/cmd_session.go:281.21,282.20 1 0
mework/libs/client/cli/cmd_session.go:282.20,284.51 2 0
mework/libs/client/cli/cmd_session.go:284.51,286.8 1 0
mework/libs/client/cli/cmd_session.go:287.7,287.16 1 0
mework/libs/client/cli/cmd_session.go:293.3,295.7 3 0
mework/libs/client/cli/cmd_session.go:295.7,296.11 1 0
mework/libs/client/cli/cmd_session.go:297.28,298.12 1 0
mework/libs/client/cli/cmd_session.go:298.12,301.6 1 0
mework/libs/client/cli/cmd_session.go:302.5,302.22 1 0
mework/libs/client/cli/cmd_session.go:302.22,303.13 1 0
mework/libs/client/cli/cmd_session.go:304.21,304.21 0 0
mework/libs/client/cli/cmd_session.go:305.14,305.14 0 0
mework/libs/client/cli/cmd_session.go:308.5,309.20 2 0
mework/libs/client/cli/cmd_session.go:310.51,311.26 1 0
mework/libs/client/cli/cmd_session.go:311.26,313.7 1 0
mework/libs/client/cli/cmd_session.go:314.28,315.16 1 0
mework/libs/client/cli/cmd_session.go:316.29,317.26 1 0
mework/libs/client/cli/cmd_session.go:317.26,319.7 1 0
mework/libs/client/cli/cmd_session.go:320.6,320.40 1 0
mework/libs/client/cli/cmd_session.go:322.19,324.15 1 0
mework/libs/client/cli/cmd_session.go:330.13,339.2 7 1
mework/libs/client/cli/cmd_workspace.go:19.54,21.17 2 0
mework/libs/client/cli/cmd_workspace.go:21.17,23.4 1 0
mework/libs/client/cli/cmd_workspace.go:24.3,25.16 2 0
mework/libs/client/cli/cmd_workspace.go:25.16,27.4 1 0
mework/libs/client/cli/cmd_workspace.go:28.3,28.58 1 0
mework/libs/client/cli/cmd_workspace.go:28.58,30.4 1 0
mework/libs/client/cli/cmd_workspace.go:31.3,32.13 2 0
mework/libs/client/cli/cmd_workspace.go:44.54,47.17 3 0
mework/libs/client/cli/cmd_workspace.go:47.17,49.4 1 0
mework/libs/client/cli/cmd_workspace.go:50.3,51.85 2 0
mework/libs/client/cli/cmd_workspace.go:51.85,53.4 1 0
mework/libs/client/cli/cmd_workspace.go:54.3,55.13 2 0
mework/libs/client/cli/cmd_workspace.go:67.54,70.17 3 0
mework/libs/client/cli/cmd_workspace.go:70.17,72.4 1 0
mework/libs/client/cli/cmd_workspace.go:73.3,73.64 1 0
mework/libs/client/cli/cmd_workspace.go:73.64,75.4 1 0
mework/libs/client/cli/cmd_workspace.go:76.3,77.13 2 0
mework/libs/client/cli/cmd_workspace.go:81.13,84.2 2 1
mework/libs/client/cli/daemon.go:46.54,50.40 2 5
mework/libs/client/cli/daemon.go:50.40,52.4 1 1
mework/libs/client/cli/daemon.go:53.3,53.39 1 4
mework/libs/client/cli/daemon.go:53.39,55.4 1 1
mework/libs/client/cli/daemon.go:56.3,56.20 1 3
mework/libs/client/cli/daemon.go:56.20,57.23 1 3
mework/libs/client/cli/daemon.go:57.23,58.27 1 1
mework/libs/client/cli/daemon.go:58.27,60.6 1 0
mework/libs/client/cli/daemon.go:61.5,61.36 1 1
mework/libs/client/cli/daemon.go:61.36,63.6 1 0
mework/libs/client/cli/daemon.go:64.5,66.7 1 1
mework/libs/client/cli/daemon.go:68.4,68.37 1 2
mework/libs/client/cli/daemon.go:70.3,70.54 1 0
mework/libs/client/cli/daemon.go:70.54,73.4 2 0
mework/libs/client/cli/daemon.go:74.3,74.23 1 0
mework/libs/client/cli/daemon.go:74.23,76.4 1 0
mework/libs/client/cli/daemon.go:77.3,77.31 1 0
mework/libs/client/cli/daemon.go:84.54,87.15 3 0
mework/libs/client/cli/daemon.go:87.15,91.4 3 0
mework/libs/client/cli/daemon.go:93.3,93.50 1 0
mework/libs/client/cli/daemon.go:93.50,96.4 2 0
mework/libs/client/cli/daemon.go:98.3,98.51 1 0
mework/libs/client/cli/daemon.go:98.51,100.4 1 0
mework/libs/client/cli/daemon.go:101.3,103.13 3 0
mework/libs/client/cli/daemon.go:110.54,112.54 2 0
mework/libs/client/cli/daemon.go:112.54,114.4 1 0
mework/libs/client/cli/daemon.go:114.9,116.4 1 0
mework/libs/client/cli/daemon.go:117.3,117.13 1 0
mework/libs/client/cli/daemon.go:124.54,126.52 2 0
mework/libs/client/cli/daemon.go:126.52,129.4 2 0
mework/libs/client/cli/daemon.go:130.3,130.31 1 0
mework/libs/client/cli/daemon.go:137.54,139.3 1 0
mework/libs/client/cli/daemon.go:144.13,155.78 8 1
mework/libs/client/cli/daemon.go:155.78,158.3 2 0
mework/libs/client/cli/daemon.go:162.41,164.16 2 0
mework/libs/client/cli/daemon.go:164.16,166.3 1 0
mework/libs/client/cli/daemon.go:167.2,168.16 2 0
mework/libs/client/cli/daemon.go:168.16,170.3 1 0
mework/libs/client/cli/daemon.go:171.2,174.16 3 0
mework/libs/client/cli/daemon.go:174.16,176.3 1 0
mework/libs/client/cli/daemon.go:177.2,179.38 3 0
mework/libs/client/cli/daemon.go:179.38,181.3 1 0
mework/libs/client/cli/daemon.go:184.2,187.12 4 0
mework/libs/client/cli/daemon.go:191.39,192.46 1 0
mework/libs/client/cli/daemon.go:192.46,194.3 1 0
mework/libs/client/cli/daemon.go:195.2,201.16 5 0
mework/libs/client/cli/daemon.go:201.16,203.3 1 0
mework/libs/client/cli/daemon.go:204.2,207.16 3 0
mework/libs/client/cli/daemon.go:207.16,209.3 1 0
mework/libs/client/cli/daemon.go:212.2,213.16 2 0
mework/libs/client/cli/daemon.go:213.16,215.3 1 0
mework/libs/client/cli/daemon.go:216.2,216.20 1 0
mework/libs/client/cli/daemon.go:216.20,218.52 1 0
mework/libs/client/cli/daemon.go:218.52,220.4 1 0
mework/libs/client/cli/daemon.go:221.3,222.35 2 0
mework/libs/client/cli/daemon.go:222.35,224.4 1 0
mework/libs/client/cli/daemon.go:232.2,232.85 1 0
mework/libs/client/cli/daemon.go:232.85,234.3 1 0
mework/libs/client/cli/daemon.go:237.2,237.96 1 0
mework/libs/client/cli/daemon.go:237.96,239.3 1 0
mework/libs/client/cli/daemon.go:241.2,242.42 2 0
mework/libs/client/cli/daemon.go:242.42,244.3 1 0
mework/libs/client/cli/daemon.go:248.2,249.12 2 0
mework/libs/client/cli/daemon.go:255.46,256.24 1 2
mework/libs/client/cli/daemon.go:256.24,258.3 1 0
mework/libs/client/cli/daemon.go:260.2,261.16 2 2
mework/libs/client/cli/daemon.go:261.16,262.25 1 0
mework/libs/client/cli/daemon.go:262.25,264.4 1 0
mework/libs/client/cli/daemon.go:265.3,265.52 1 0
mework/libs/client/cli/daemon.go:267.2,267.19 1 2
mework/libs/client/cli/daemon.go:267.19,269.3 1 0
mework/libs/client/cli/daemon.go:272.2,273.16 2 2
mework/libs/client/cli/daemon.go:273.16,274.51 1 0
mework/libs/client/cli/daemon.go:274.51,276.4 1 0
mework/libs/client/cli/daemon.go:277.3,277.49 1 0
mework/libs/client/cli/daemon.go:280.2,280.59 1 2
mework/libs/client/cli/daemon.go:280.59,282.3 1 0
mework/libs/client/cli/daemon.go:286.2,295.16 8 2
mework/libs/client/cli/daemon.go:295.16,297.3 1 0
mework/libs/client/cli/daemon.go:298.2,315.16 3 2
mework/libs/client/cli/daemon.go:315.16,317.3 1 0
mework/libs/client/cli/daemon.go:320.2,321.16 2 2
mework/libs/client/cli/daemon.go:321.16,324.3 2 0
mework/libs/client/cli/daemon.go:327.2,327.24 1 2
mework/libs/client/cli/daemon.go:327.24,329.3 1 0
mework/libs/client/cli/daemon.go:333.2,341.69 3 2
mework/libs/client/cli/daemon.go:341.69,344.3 2 0
mework/libs/client/cli/daemon.go:345.2,350.76 3 2
mework/libs/client/cli/daemon.go:350.76,353.3 2 0
mework/libs/client/cli/daemon.go:354.2,354.32 1 0
mework/libs/client/cli/daemon.go:358.46,360.16 2 0
mework/libs/client/cli/daemon.go:360.16,361.25 1 0
mework/libs/client/cli/daemon.go:361.25,364.4 2 0
mework/libs/client/cli/daemon.go:365.3,365.13 1 0
mework/libs/client/cli/daemon.go:367.2,371.13 4 0
mework/libs/client/cli/daemon.go:371.13,373.3 1 0
mework/libs/client/cli/daemon.go:374.2,374.6 1 0
mework/libs/client/cli/daemon.go:374.6,377.3 2 0
mework/libs/client/cli/daemon.go:380.32,381.6 1 0
mework/libs/client/cli/daemon.go:381.6,383.20 2 0
mework/libs/client/cli/daemon.go:383.20,385.4 1 0
mework/libs/client/cli/daemon.go:386.3,386.17 1 0
mework/libs/client/cli/daemon.go:386.17,387.9 1 0
mework/libs/client/cli/help.go:15.25,31.95 12 1
mework/libs/client/cli/help.go:31.95,34.3 2 5
mework/libs/client/cli/help.go:36.2,46.101 10 1
mework/libs/client/cli/help.go:58.54,60.17 2 0
mework/libs/client/cli/help.go:60.17,62.4 1 0
mework/libs/client/cli/help.go:64.3,68.17 5 0
mework/libs/client/cli/help.go:68.17,70.4 1 0
mework/libs/client/cli/help.go:71.3,72.13 2 0
mework/libs/client/cli/help.go:76.13,78.2 1 1
mework/libs/client/cli/help.go:82.61,82.78 1 0
mework/libs/client/cli/help.go:83.61,83.82 1 0
mework/libs/client/cli/help.go:84.61,84.80 1 0
mework/libs/client/cli/help.go:85.61,85.83 1 0
mework/libs/client/cli/help.go:86.61,86.92 1 0
mework/libs/client/cli/help.go:87.61,87.90 1 0
mework/libs/client/cli/help.go:94.54,97.10 3 0
mework/libs/client/cli/help.go:97.10,99.4 1 0
mework/libs/client/cli/help.go:100.3,100.47 1 0
mework/libs/client/cli/help.go:100.47,101.74 1 0
mework/libs/client/cli/help.go:101.74,103.5 1 0
mework/libs/client/cli/help.go:105.3,106.17 2 0
mework/libs/client/cli/help.go:106.17,108.4 1 0
mework/libs/client/cli/help.go:109.3,110.45 2 0
mework/libs/client/cli/help.go:110.45,112.4 1 0
mework/libs/client/cli/help.go:113.3,114.13 2 0
mework/libs/client/cli/help.go:119.37,120.17 1 3
mework/libs/client/cli/help.go:120.17,122.3 1 1
mework/libs/client/cli/help.go:123.2,123.21 1 2
mework/libs/client/cli/help.go:123.21,125.3 1 1
mework/libs/client/cli/help.go:126.2,126.38 1 1
mework/libs/client/cli/helpers.go:14.79,15.16 1 3
mework/libs/client/cli/helpers.go:15.16,16.63 1 3
mework/libs/client/cli/helpers.go:16.63,18.4 1 3
mework/libs/client/cli/helpers.go:20.2,20.38 1 0
mework/libs/client/cli/helpers.go:20.38,22.3 1 0
mework/libs/client/cli/helpers.go:23.2,23.17 1 0
mework/libs/client/cli/helpers.go:27.68,29.16 2 0
mework/libs/client/cli/helpers.go:29.16,31.3 1 0
mework/libs/client/cli/helpers.go:32.2,32.18 1 0
mework/libs/client/cli/helpers.go:32.18,34.3 1 0
mework/libs/client/cli/helpers.go:35.2,35.18 1 0
mework/libs/client/cli/helpers.go:35.18,37.3 1 0
mework/libs/client/cli/helpers.go:38.2,38.63 1 0
mework/libs/client/cli/helpers.go:42.72,44.16 2 0
mework/libs/client/cli/helpers.go:44.16,46.3 1 0
mework/libs/client/cli/helpers.go:47.2,47.124 1 0
mework/libs/client/cli/helpers.go:54.46,55.47 1 0
mework/libs/client/cli/helpers.go:55.47,57.3 1 0
mework/libs/client/cli/helpers.go:58.2,58.46 1 0
mework/libs/client/cli/helpers.go:58.46,60.3 1 0
mework/libs/client/cli/helpers.go:61.2,61.16 1 0
mework/libs/client/cli/helpers.go:61.16,63.3 1 0
mework/libs/client/cli/helpers.go:64.2,64.11 1 0
mework/libs/client/cli/output.go:15.29,19.2 3 0
mework/libs/client/cli/output.go:22.35,24.2 1 0
mework/libs/client/cli/output.go:27.48,29.2 1 0
mework/libs/client/cli/output.go:32.47,33.25 1 0
mework/libs/client/cli/output.go:33.25,34.12 1 0
mework/libs/client/cli/output.go:34.12,36.4 1 0
mework/libs/client/cli/output.go:37.3,37.19 1 0
mework/libs/client/cli/output.go:39.2,39.17 1 0
mework/libs/client/cli/profile.go:27.54,28.29 1 0
mework/libs/client/cli/profile.go:28.29,30.4 1 0
mework/libs/client/cli/profile.go:31.3,31.28 1 0
mework/libs/client/cli/profile.go:31.28,33.4 1 0
mework/libs/client/cli/profile.go:35.3,36.17 2 0
mework/libs/client/cli/profile.go:36.17,38.4 1 0
mework/libs/client/cli/profile.go:40.3,41.17 2 0
mework/libs/client/cli/profile.go:41.17,43.4 1 0
mework/libs/client/cli/profile.go:45.3,46.21 2 0
mework/libs/client/cli/profile.go:46.21,48.4 1 0
mework/libs/client/cli/profile.go:50.3,58.17 3 0
mework/libs/client/cli/profile.go:58.17,60.4 1 0
mework/libs/client/cli/profile.go:62.3,63.13 2 0
mework/libs/client/cli/profile.go:70.54,72.17 2 0
mework/libs/client/cli/profile.go:72.17,74.4 1 0
mework/libs/client/cli/profile.go:76.3,77.21 2 0
mework/libs/client/cli/profile.go:77.21,79.4 1 0
mework/libs/client/cli/profile.go:81.3,82.17 2 0
mework/libs/client/cli/profile.go:82.17,84.4 1 0
mework/libs/client/cli/profile.go:86.3,86.25 1 0
mework/libs/client/cli/profile.go:86.25,89.4 2 0
mework/libs/client/cli/profile.go:91.3,92.30 2 0
mework/libs/client/cli/profile.go:92.30,94.4 1 0
mework/libs/client/cli/profile.go:95.3,95.13 1 0
mework/libs/client/cli/profile.go:102.54,103.29 1 0
mework/libs/client/cli/profile.go:103.29,105.4 1 0
mework/libs/client/cli/profile.go:106.3,106.28 1 0
mework/libs/client/cli/profile.go:106.28,108.4 1 0
mework/libs/client/cli/profile.go:110.3,111.17 2 0
mework/libs/client/cli/profile.go:111.17,113.4 1 0
mework/libs/client/cli/profile.go:115.3,116.17 2 0
mework/libs/client/cli/profile.go:116.17,118.4 1 0
mework/libs/client/cli/profile.go:120.3,121.21 2 0
mework/libs/client/cli/profile.go:121.21,123.4 1 0
mework/libs/client/cli/profile.go:125.3,132.17 3 0
mework/libs/client/cli/profile.go:132.17,134.4 1 0
mework/libs/client/cli/profile.go:136.3,137.13 2 0
mework/libs/client/cli/profile.go:144.54,145.29 1 0
mework/libs/client/cli/profile.go:145.29,147.4 1 0
mework/libs/client/cli/profile.go:149.3,150.17 2 0
mework/libs/client/cli/profile.go:150.17,152.4 1 0
mework/libs/client/cli/profile.go:154.3,155.21 2 0
mework/libs/client/cli/profile.go:155.21,157.4 1 0
mework/libs/client/cli/profile.go:159.3,160.17 2 0
mework/libs/client/cli/profile.go:160.17,162.4 1 0
mework/libs/client/cli/profile.go:164.3,165.13 2 0
mework/libs/client/cli/profile.go:169.13,188.2 15 1
mework/libs/client/cli/provider.go:28.54,29.25 1 0
mework/libs/client/cli/provider.go:29.25,31.4 1 0
mework/libs/client/cli/provider.go:33.3,35.23 2 0
mework/libs/client/cli/provider.go:36.16,37.27 1 0
mework/libs/client/cli/provider.go:37.27,39.5 1 0
mework/libs/client/cli/provider.go:40.4,40.28 1 0
mework/libs/client/cli/provider.go:40.28,42.5 1 0
mework/libs/client/cli/provider.go:43.4,44.34 2 0
mework/libs/client/cli/provider.go:45.11,47.19 2 0
mework/libs/client/cli/provider.go:47.19,52.5 4 0
mework/libs/client/cli/provider.go:53.4,53.19 1 0
mework/libs/client/cli/provider.go:53.19,55.5 1 0
mework/libs/client/cli/provider.go:56.4,56.25 1 0
mework/libs/client/cli/provider.go:59.3,60.17 2 0
mework/libs/client/cli/provider.go:60.17,62.4 1 0
mework/libs/client/cli/provider.go:64.3,65.21 2 0
mework/libs/client/cli/provider.go:65.21,67.4 1 0
mework/libs/client/cli/provider.go:69.3,70.17 2 0
mework/libs/client/cli/provider.go:70.17,72.4 1 0
mework/libs/client/cli/provider.go:74.3,75.13 2 0
mework/libs/client/cli/provider.go:79.13,86.2 6 1
mework/libs/client/cli/root.go:35.13,56.2 10 1
mework/libs/client/cli/root.go:59.23,60.77 1 5
mework/libs/client/cli/root.go:60.77,62.3 1 0
mework/libs/client/cli/root.go:63.2,63.36 1 5
mework/libs/client/cli/root.go:67.16,68.42 1 0
mework/libs/client/cli/root.go:68.42,71.3 2 0
mework/libs/client/cli/runtime.go:23.54,24.24 1 0
mework/libs/client/cli/runtime.go:24.24,26.4 1 0
mework/libs/client/cli/runtime.go:27.3,27.25 1 0
mework/libs/client/cli/runtime.go:27.25,30.4 1 0
mework/libs/client/cli/runtime.go:32.3,33.17 2 0
mework/libs/client/cli/runtime.go:33.17,35.4 1 0
mework/libs/client/cli/runtime.go:37.3,38.21 2 0
mework/libs/client/cli/runtime.go:38.21,40.4 1 0
mework/libs/client/cli/runtime.go:42.3,43.17 2 0
mework/libs/client/cli/runtime.go:43.17,45.4 1 0
mework/libs/client/cli/runtime.go:47.3,55.13 8 0
mework/libs/client/cli/runtime.go:62.54,64.17 2 0
mework/libs/client/cli/runtime.go:64.17,66.4 1 0
mework/libs/client/cli/runtime.go:68.3,69.21 2 0
mework/libs/client/cli/runtime.go:69.21,71.4 1 0
mework/libs/client/cli/runtime.go:73.3,74.17 2 0
mework/libs/client/cli/runtime.go:74.17,76.4 1 0
mework/libs/client/cli/runtime.go:78.3,78.25 1 0
mework/libs/client/cli/runtime.go:78.25,81.4 2 0
mework/libs/client/cli/runtime.go:83.3,84.30 2 0
mework/libs/client/cli/runtime.go:84.30,86.27 2 0
mework/libs/client/cli/runtime.go:86.27,88.5 1 0
mework/libs/client/cli/runtime.go:89.4,89.92 1 0
mework/libs/client/cli/runtime.go:91.3,91.13 1 0
mework/libs/client/cli/runtime.go:98.54,99.22 1 0
mework/libs/client/cli/runtime.go:99.22,101.4 1 0
mework/libs/client/cli/runtime.go:103.3,104.17 2 0
mework/libs/client/cli/runtime.go:104.17,106.4 1 0
mework/libs/client/cli/runtime.go:108.3,109.21 2 0
mework/libs/client/cli/runtime.go:109.21,111.4 1 0
mework/libs/client/cli/runtime.go:113.3,114.17 2 0
mework/libs/client/cli/runtime.go:114.17,116.4 1 0
mework/libs/client/cli/runtime.go:118.3,119.13 2 0
mework/libs/client/cli/runtime.go:123.13,132.2 6 1
mework/libs/client/cli/server_hook.go:20.41,22.2 1 0
mework/libs/client/cli/ticket.go:20.54,22.17 2 0
mework/libs/client/cli/ticket.go:22.17,24.4 1 0
mework/libs/client/cli/ticket.go:25.3,26.17 2 0
mework/libs/client/cli/ticket.go:26.17,28.4 1 0
mework/libs/client/cli/ticket.go:29.3,29.15 1 0
mework/libs/client/cli/ticket.go:29.15,31.4 1 0
mework/libs/client/cli/ticket.go:32.3,34.29 3 0
mework/libs/client/cli/ticket.go:34.29,36.4 1 0
mework/libs/client/cli/ticket.go:37.3,37.19 1 0
mework/libs/client/cli/ticket.go:45.54,47.17 2 0
mework/libs/client/cli/ticket.go:47.17,49.4 1 0
mework/libs/client/cli/ticket.go:50.3,51.17 2 0
mework/libs/client/cli/ticket.go:51.17,53.4 1 0
mework/libs/client/cli/ticket.go:54.3,54.15 1 0
mework/libs/client/cli/ticket.go:54.15,56.4 1 0
mework/libs/client/cli/ticket.go:57.3,59.13 2 0
mework/libs/client/cli/ticket.go:68.54,70.17 2 0
mework/libs/client/cli/ticket.go:70.17,72.4 1 0
mework/libs/client/cli/ticket.go:74.3,75.29 2 0
mework/libs/client/cli/ticket.go:75.29,77.4 1 0
mework/libs/client/cli/ticket.go:78.3,79.17 2 0
mework/libs/client/cli/ticket.go:79.17,81.4 1 0
mework/libs/client/cli/ticket.go:82.3,83.13 2 0
mework/libs/client/cli/ticket.go:94.54,96.17 2 0
mework/libs/client/cli/ticket.go:96.17,98.4 1 0
mework/libs/client/cli/ticket.go:99.3,100.17 2 0
mework/libs/client/cli/ticket.go:100.17,102.4 1 0
mework/libs/client/cli/ticket.go:103.3,104.13 2 0
mework/libs/client/cli/ticket.go:118.54,120.17 2 0
mework/libs/client/cli/ticket.go:120.17,122.4 1 0
mework/libs/client/cli/ticket.go:123.3,124.17 2 0
mework/libs/client/cli/ticket.go:124.17,126.4 1 0
mework/libs/client/cli/ticket.go:127.3,127.15 1 0
mework/libs/client/cli/ticket.go:127.15,129.4 1 0
mework/libs/client/cli/ticket.go:130.3,130.30 1 0
mework/libs/client/cli/ticket.go:130.30,132.4 1 0
mework/libs/client/cli/ticket.go:133.3,133.13 1 0
mework/libs/client/cli/ticket.go:143.54,145.17 2 0
mework/libs/client/cli/ticket.go:145.17,147.4 1 0
mework/libs/client/cli/ticket.go:148.3,149.17 2 0
mework/libs/client/cli/ticket.go:149.17,151.4 1 0
mework/libs/client/cli/ticket.go:152.3,153.13 2 0
mework/libs/client/cli/ticket.go:162.54,164.17 2 0
mework/libs/client/cli/ticket.go:164.17,166.4 1 0
mework/libs/client/cli/ticket.go:167.3,168.17 2 0
mework/libs/client/cli/ticket.go:168.17,170.4 1 0
mework/libs/client/cli/ticket.go:171.3,172.17 2 0
mework/libs/client/cli/ticket.go:172.17,174.4 1 0
mework/libs/client/cli/ticket.go:175.3,175.15 1 0
mework/libs/client/cli/ticket.go:175.15,177.4 1 0
mework/libs/client/cli/ticket.go:178.3,180.29 3 0
mework/libs/client/cli/ticket.go:180.29,182.4 1 0
mework/libs/client/cli/ticket.go:183.3,183.19 1 0
mework/libs/client/cli/ticket.go:187.13,208.2 16 1
mework/libs/client/cli/version.go:13.47,15.3 1 0
