mode: atomic
mework/libs/shared/config/config.go:52.50,55.16 3 0
mework/libs/shared/config/config.go:55.16,56.25 1 0
mework/libs/shared/config/config.go:56.25,58.4 1 0
mework/libs/shared/config/config.go:59.3,59.18 1 0
mework/libs/shared/config/config.go:61.2,62.50 2 0
mework/libs/shared/config/config.go:62.50,64.3 1 0
mework/libs/shared/config/config.go:65.2,65.17 1 0
mework/libs/shared/config/config.go:70.45,71.55 1 0
mework/libs/shared/config/config.go:71.55,73.3 1 0
mework/libs/shared/config/config.go:74.2,75.16 2 0
mework/libs/shared/config/config.go:75.16,77.3 1 0
mework/libs/shared/config/config.go:79.2,79.55 1 0
mework/libs/shared/config/config.go:83.25,84.58 1 0
mework/libs/shared/config/config.go:84.58,86.3 1 0
mework/libs/shared/config/config.go:87.2,88.16 2 0
mework/libs/shared/config/config.go:88.16,90.3 1 0
mework/libs/shared/config/config.go:91.2,91.39 1 0
mework/libs/shared/config/config.go:95.40,96.19 1 0
mework/libs/shared/config/config.go:96.19,98.3 1 0
mework/libs/shared/config/config.go:99.2,99.56 1 0
mework/libs/shared/config/config.go:103.40,105.2 1 0
mework/libs/shared/config/config.go:108.37,110.2 1 0
mework/libs/shared/config/config.go:113.37,115.2 1 0
mework/libs/shared/config/config.go:118.34,120.2 1 0
mework/libs/shared/config/identity.go:14.28,16.2 1 0
mework/libs/shared/config/identity.go:18.50,19.47 1 0
mework/libs/shared/config/identity.go:19.47,21.3 1 0
mework/libs/shared/config/identity.go:22.2,23.16 2 0
mework/libs/shared/config/identity.go:23.16,25.3 1 0
mework/libs/shared/config/identity.go:26.2,26.50 1 0
mework/libs/shared/config/identity.go:29.45,31.16 2 0
mework/libs/shared/config/identity.go:31.16,32.25 1 0
mework/libs/shared/config/identity.go:32.25,34.4 1 0
mework/libs/shared/config/identity.go:35.3,35.21 1 0
mework/libs/shared/config/identity.go:38.2,39.50 2 0
mework/libs/shared/config/identity.go:39.50,41.3 1 0
mework/libs/shared/config/identity.go:42.2,42.36 1 0
mework/libs/shared/config/identity.go:45.29,47.39 2 0
mework/libs/shared/config/identity.go:47.39,49.3 1 0
mework/libs/shared/config/identity.go:50.2,50.12 1 0
mework/libs/shared/errors/errors.go:12.35,14.2 1 0
mework/libs/shared/errors/errors.go:22.40,24.2 1 0
mework/libs/shared/errors/errors.go:32.43,34.2 1 0
mework/libs/shared/errors/errors.go:42.42,44.2 1 0
mework/libs/shared/grant/grant.go:14.45,18.2 3 0
mework/libs/shared/grant/grant.go:22.41,27.2 4 0
mework/libs/shared/grant/grant.go:54.60,56.18 2 0
mework/libs/shared/grant/grant.go:56.18,58.17 2 0
mework/libs/shared/grant/grant.go:58.17,60.4 1 0
mework/libs/shared/grant/grant.go:61.3,62.17 2 0
mework/libs/shared/grant/grant.go:62.17,64.4 1 0
mework/libs/shared/grant/grant.go:66.2,66.15 1 0
mework/libs/shared/grant/grant.go:71.44,72.26 1 0
mework/libs/shared/grant/grant.go:72.26,73.14 1 0
mework/libs/shared/grant/grant.go:73.14,75.4 1 0
mework/libs/shared/grant/grant.go:77.2,77.14 1 0
mework/libs/shared/grant/grant.go:83.46,84.21 1 0
mework/libs/shared/grant/grant.go:84.21,86.3 1 0
mework/libs/shared/grant/grant.go:88.2,90.15 3 0
mework/libs/shared/grant/grant.go:90.15,90.30 1 0
mework/libs/shared/grant/grant.go:92.2,93.16 2 0
mework/libs/shared/grant/grant.go:93.16,95.3 1 0
mework/libs/shared/grant/grant.go:97.2,97.29 1 0
mework/libs/shared/grant/grant.go:97.29,99.3 1 0
mework/libs/shared/grant/grant.go:100.2,100.12 1 0
mework/libs/shared/log/log.go:17.42,17.43 0 0
mework/libs/shared/log/log.go:18.42,18.43 0 0
mework/libs/shared/log/log.go:19.42,19.43 0 0
mework/libs/shared/log/log.go:20.42,20.43 0 0
mework/libs/shared/log/log.go:23.29,23.52 1 0
mework/libs/shared/core/types.go:140.37,142.2 1 1
mework/libs/shared/core/types.go:146.42,147.13 1 2
mework/libs/shared/core/types.go:147.13,149.3 1 1
mework/libs/shared/core/types.go:150.2,150.10 1 1
mework/libs/shared/plugin/registry.go:16.40,20.2 3 3
mework/libs/shared/plugin/registry.go:23.36,28.2 4 3
mework/libs/shared/policy/enforce.go:13.61,14.14 1 17
mework/libs/shared/policy/enforce.go:14.14,16.3 1 1
mework/libs/shared/policy/enforce.go:18.2,18.31 1 16
mework/libs/shared/policy/enforce.go:18.31,20.17 2 16
mework/libs/shared/policy/enforce.go:20.17,22.4 1 0
mework/libs/shared/policy/enforce.go:23.3,23.13 1 16
mework/libs/shared/policy/enforce.go:23.13,24.12 1 6
mework/libs/shared/policy/enforce.go:27.3,27.22 1 10
mework/libs/shared/policy/enforce.go:28.20,29.38 1 2
mework/libs/shared/policy/enforce.go:30.19,32.20 2 7
mework/libs/shared/policy/enforce.go:32.20,34.5 1 0
mework/libs/shared/policy/enforce.go:35.4,35.55 1 7
mework/libs/shared/policy/enforce.go:36.24,38.58 1 1
mework/libs/shared/policy/enforce.go:39.11,40.60 1 0
mework/libs/shared/policy/enforce.go:45.2,45.27 1 6
mework/libs/shared/policy/enforce.go:46.18,47.74 1 1
mework/libs/shared/policy/enforce.go:48.10,49.37 1 5
mework/libs/shared/policy/enforce.go:55.61,56.26 1 16
mework/libs/shared/policy/enforce.go:56.26,59.3 1 0
mework/libs/shared/policy/enforce.go:61.2,61.40 1 16
mework/libs/shared/policy/enforce.go:61.40,64.17 3 18
mework/libs/shared/policy/enforce.go:64.17,66.4 1 0
mework/libs/shared/policy/enforce.go:67.3,67.15 1 18
mework/libs/shared/policy/enforce.go:67.15,69.4 1 6
mework/libs/shared/policy/enforce.go:71.2,71.18 1 10
mework/libs/shared/policy/matcher.go:20.58,22.20 1 23
mework/libs/shared/policy/matcher.go:22.20,24.3 1 3
mework/libs/shared/policy/matcher.go:27.2,27.45 1 20
mework/libs/shared/policy/matcher.go:27.45,29.3 1 3
mework/libs/shared/policy/matcher.go:32.2,32.87 1 17
mework/libs/shared/policy/matcher.go:32.87,34.3 1 2
mework/libs/shared/policy/matcher.go:37.2,37.70 1 15
mework/libs/shared/policy/matcher.go:37.70,39.3 1 2
mework/libs/shared/policy/matcher.go:42.2,42.77 1 13
mework/libs/shared/policy/matcher.go:42.77,44.17 2 4
mework/libs/shared/policy/matcher.go:44.17,46.4 1 0
mework/libs/shared/policy/matcher.go:47.3,47.36 1 4
mework/libs/shared/policy/matcher.go:51.2,52.16 2 9
mework/libs/shared/policy/matcher.go:52.16,54.3 1 0
mework/libs/shared/policy/matcher.go:55.2,55.21 1 9
mework/libs/shared/policy/matcher.go:59.56,61.16 2 2
mework/libs/shared/policy/matcher.go:61.16,63.3 1 0
mework/libs/shared/policy/matcher.go:66.2,68.56 3 2
mework/libs/shared/policy/matcher.go:68.56,69.41 1 6
mework/libs/shared/policy/matcher.go:69.41,72.9 3 2
mework/libs/shared/policy/matcher.go:75.2,75.14 1 2
mework/libs/shared/policy/matcher.go:75.14,77.3 1 0
mework/libs/shared/policy/matcher.go:79.2,80.16 2 2
mework/libs/shared/policy/matcher.go:80.16,82.3 1 0
mework/libs/shared/policy/matcher.go:84.2,84.12 1 2
mework/libs/shared/policy/matcher.go:85.11,86.24 1 2
mework/libs/shared/policy/matcher.go:87.11,88.24 1 0
mework/libs/shared/policy/matcher.go:89.12,90.25 1 0
mework/libs/shared/policy/matcher.go:91.12,92.25 1 0
mework/libs/shared/policy/matcher.go:94.2,94.19 1 0
mework/libs/shared/policy/matcher.go:99.58,101.21 2 2
mework/libs/shared/policy/matcher.go:101.21,103.3 1 0
mework/libs/shared/policy/matcher.go:105.2,106.16 2 2
mework/libs/shared/policy/matcher.go:106.16,108.3 1 0
mework/libs/shared/policy/matcher.go:109.2,110.16 2 2
mework/libs/shared/policy/matcher.go:110.16,112.3 1 0
mework/libs/shared/policy/matcher.go:115.2,116.17 2 2
mework/libs/shared/policy/matcher.go:116.17,118.17 2 2
mework/libs/shared/policy/matcher.go:118.17,120.4 1 0
mework/libs/shared/policy/matcher.go:121.8,123.3 1 0
mework/libs/shared/policy/matcher.go:126.2,130.47 4 2
mework/libs/shared/policy/matcher.go:130.47,133.3 1 2
mework/libs/shared/policy/matcher.go:134.2,134.53 1 0
mework/libs/shared/policy/policy.go:40.41,41.21 1 6
mework/libs/shared/policy/policy.go:41.21,43.3 1 5
mework/libs/shared/policy/policy.go:44.2,44.18 1 1
mework/libs/shared/policy/policy.go:58.34,59.15 1 0
mework/libs/shared/policy/policy.go:59.15,61.3 1 0
mework/libs/shared/policy/policy.go:62.2,62.44 1 0
mework/libs/shared/policy/policy.go:66.48,68.33 2 5
mework/libs/shared/policy/policy.go:68.33,70.3 1 3
mework/libs/shared/policy/policy.go:71.2,72.63 2 2
mework/libs/shared/policy/policy.go:72.63,74.3 1 0
mework/libs/shared/policy/policy.go:75.2,75.16 1 2
mework/libs/shared/policy/ratelimit.go:22.36,27.2 1 1
mework/libs/shared/policy/ratelimit.go:31.64,32.16 1 5
mework/libs/shared/policy/ratelimit.go:32.16,34.3 1 0
mework/libs/shared/policy/ratelimit.go:36.2,41.41 5 5
mework/libs/shared/policy/ratelimit.go:41.41,44.3 2 2
mework/libs/shared/policy/ratelimit.go:45.2,45.22 1 5
mework/libs/shared/policy/ratelimit.go:45.22,47.3 1 1
mework/libs/shared/policy/ratelimit.go:48.2,49.13 2 4
mework/libs/shared/policy/ratelimit.go:53.34,58.31 4 0
mework/libs/shared/policy/ratelimit.go:58.31,59.29 1 0
mework/libs/shared/policy/ratelimit.go:59.29,61.4 1 0
mework/libs/shared/providers/mello/client.go:23.92,24.19 1 4
mework/libs/shared/providers/mello/client.go:24.19,26.3 1 1
mework/libs/shared/providers/mello/client.go:27.2,27.18 1 4
mework/libs/shared/providers/mello/client.go:27.18,29.3 1 1
mework/libs/shared/providers/mello/client.go:30.2,35.3 1 4
mework/libs/shared/providers/mello/client.go:40.61,42.46 2 4
mework/libs/shared/providers/mello/client.go:42.46,44.3 1 1
mework/libs/shared/providers/mello/client.go:45.2,45.20 1 4
mework/libs/shared/providers/mello/client.go:50.75,52.17 2 2
mework/libs/shared/providers/mello/client.go:52.17,54.17 2 0
mework/libs/shared/providers/mello/client.go:54.17,56.4 1 0
mework/libs/shared/providers/mello/client.go:57.3,57.34 1 0
mework/libs/shared/providers/mello/client.go:60.2,61.16 2 2
mework/libs/shared/providers/mello/client.go:61.16,63.3 1 0
mework/libs/shared/providers/mello/client.go:64.2,66.17 3 2
mework/libs/shared/providers/mello/client.go:66.17,68.3 1 0
mework/libs/shared/providers/mello/client.go:69.2,69.27 1 2
mework/libs/shared/providers/mello/client.go:69.27,71.3 1 1
mework/libs/shared/providers/mello/client.go:73.2,74.16 2 2
mework/libs/shared/providers/mello/client.go:74.16,76.3 1 0
mework/libs/shared/providers/mello/client.go:77.2,81.28 3 2
mework/libs/shared/providers/mello/client.go:81.28,83.3 1 1
mework/libs/shared/providers/mello/client.go:84.2,84.77 1 1
mework/libs/shared/providers/mello/client.go:84.77,86.3 1 0
mework/libs/shared/providers/mello/client.go:87.2,87.50 1 1
mework/libs/shared/providers/mello/client.go:87.50,89.3 1 0
mework/libs/shared/providers/mello/client.go:90.2,90.12 1 1
mework/libs/shared/providers/mello/client.go:94.51,96.19 2 2
mework/libs/shared/providers/mello/client.go:96.19,98.3 1 2
mework/libs/shared/providers/mello/client.go:99.2,99.26 1 2
mework/libs/shared/providers/mello/client.go:99.26,101.3 1 0
mework/libs/shared/providers/mello/client.go:102.2,102.15 1 2
mework/libs/shared/providers/mello/errors.go:24.35,26.2 1 0
mework/libs/shared/providers/mello/errors.go:29.42,29.72 1 5
mework/libs/shared/providers/mello/errors.go:30.42,30.72 1 4
mework/libs/shared/providers/mello/errors.go:31.42,31.72 1 3
mework/libs/shared/providers/mello/errors.go:33.40,35.2 1 3
mework/libs/shared/providers/mello/errors.go:38.41,40.2 1 3
mework/libs/shared/providers/mello/errors.go:43.30,44.16 1 6
mework/libs/shared/providers/mello/errors.go:44.16,46.3 1 1
mework/libs/shared/providers/mello/errors.go:47.2,48.9 2 5
mework/libs/shared/providers/mello/errors.go:48.9,50.3 1 0
mework/libs/shared/providers/mello/errors.go:51.2,51.9 1 5
mework/libs/shared/providers/mello/errors.go:52.53,53.18 1 2
mework/libs/shared/providers/mello/errors.go:54.27,55.22 1 1
mework/libs/shared/providers/mello/errors.go:56.29,57.24 1 1
mework/libs/shared/providers/mello/errors.go:58.10,59.21 1 1
mework/libs/shared/providers/mello/operations.go:11.50,14.2 2 1
mework/libs/shared/providers/mello/operations.go:17.56,20.2 2 1
mework/libs/shared/providers/mello/operations.go:23.86,26.2 2 0
mework/libs/shared/providers/mello/operations.go:29.75,32.2 2 0
mework/libs/shared/providers/mello/operations.go:35.59,38.2 2 0
mework/libs/shared/providers/mello/operations.go:41.64,44.2 2 0
mework/libs/shared/providers/mello/operations.go:47.69,50.2 2 0
mework/libs/shared/providers/mello/operations.go:53.68,56.2 2 0
mework/libs/shared/providers/mello/operations.go:59.67,62.2 2 0
mework/libs/shared/providers/mello/operations.go:65.71,68.2 2 0
mework/libs/shared/providers/mello/operations.go:71.79,75.2 3 0
mework/libs/shared/providers/mello/operations.go:80.73,83.2 2 0
mework/libs/shared/providers/mello/operations.go:87.89,90.2 2 0
mework/libs/shared/providers/mello/operations.go:93.97,97.2 3 0
mework/libs/shared/providers/mello/operations.go:101.89,104.2 2 0
mework/libs/shared/providers/mello/operations.go:107.78,110.2 2 0
mework/libs/shared/providers/mello/operations.go:113.89,116.2 2 0
mework/libs/shared/providers/mello/operations.go:119.93,122.2 2 0
