mode: atomic
mework/libs/sandbox/engine/cloudflare/cloudflare.go:32.20,38.2 1 0
mework/libs/sandbox/engine/cloudflare/cloudflare.go:41.42,51.2 1 0
mework/libs/sandbox/engine/cloudflare/cloudflare.go:62.41,62.56 1 0
mework/libs/sandbox/engine/cloudflare/cloudflare.go:66.129,68.16 2 0
mework/libs/sandbox/engine/cloudflare/cloudflare.go:68.16,70.3 1 0
mework/libs/sandbox/engine/cloudflare/cloudflare.go:73.2,74.48 2 0
mework/libs/sandbox/engine/cloudflare/cloudflare.go:74.48,76.3 1 0
mework/libs/sandbox/engine/cloudflare/cloudflare.go:78.2,84.16 3 0
mework/libs/sandbox/engine/cloudflare/cloudflare.go:84.16,86.3 1 0
mework/libs/sandbox/engine/cloudflare/cloudflare.go:88.2,90.16 3 0
mework/libs/sandbox/engine/cloudflare/cloudflare.go:90.16,92.3 1 0
mework/libs/sandbox/engine/cloudflare/cloudflare.go:93.2,97.16 4 0
mework/libs/sandbox/engine/cloudflare/cloudflare.go:97.16,99.3 1 0
mework/libs/sandbox/engine/cloudflare/cloudflare.go:100.2,103.16 3 0
mework/libs/sandbox/engine/cloudflare/cloudflare.go:103.16,105.3 1 0
mework/libs/sandbox/engine/cloudflare/cloudflare.go:107.2,107.38 1 0
mework/libs/sandbox/engine/cloudflare/cloudflare.go:107.38,109.3 1 0
mework/libs/sandbox/engine/cloudflare/cloudflare.go:112.2,112.50 1 0
mework/libs/sandbox/engine/cloudflare/cloudflare.go:112.50,114.3 1 0
mework/libs/sandbox/engine/cloudflare/cloudflare.go:115.2,115.15 1 0
mework/libs/sandbox/engine/cloudflare/cloudflare.go:119.107,121.2 1 0
mework/libs/sandbox/engine/cloudflare/cloudflare.go:124.76,126.2 1 0
mework/libs/sandbox/engine/cloudflare/cloudflare.go:130.87,131.22 1 0
mework/libs/sandbox/engine/cloudflare/cloudflare.go:131.22,133.3 1 0
mework/libs/sandbox/engine/cloudflare/cloudflare.go:134.2,134.23 1 0
mework/libs/sandbox/engine/cloudflare/cloudflare.go:134.23,136.3 1 0
mework/libs/sandbox/engine/cloudflare/cloudflare.go:137.2,143.8 1 0
mework/libs/sandbox/engine/cloudflare/cloudflare.go:147.68,147.82 1 0
mework/libs/sandbox/engine/cloudflare/cloudflare.go:150.71,150.85 1 0
mework/libs/sandbox/engine/custom/custom.go:26.29,28.9 2 0
mework/libs/sandbox/engine/custom/custom.go:28.9,30.3 1 0
mework/libs/sandbox/engine/custom/custom.go:31.2,32.9 2 0
mework/libs/sandbox/engine/custom/custom.go:32.9,34.3 1 0
mework/libs/sandbox/engine/custom/custom.go:35.2,35.35 1 0
mework/libs/sandbox/engine/custom/custom.go:39.42,41.2 1 0
mework/libs/sandbox/engine/custom/custom.go:44.87,46.2 1 0
mework/libs/sandbox/engine/custom/custom.go:49.68,51.2 1 0
mework/libs/sandbox/engine/custom/custom.go:54.71,56.2 1 0
mework/libs/sandbox/engine/custom/custom.go:64.37,64.57 1 0
mework/libs/sandbox/engine/custom/custom.go:66.125,68.2 1 0
mework/libs/sandbox/engine/custom/custom.go:70.103,72.2 1 0
mework/libs/sandbox/engine/custom/custom.go:74.72,76.2 1 0
mework/libs/sandbox/engine/docker/docker.go:25.20,25.40 1 0
mework/libs/sandbox/engine/docker/docker.go:28.42,38.2 1 0
mework/libs/sandbox/engine/docker/docker.go:47.37,47.52 1 0
mework/libs/sandbox/engine/docker/docker.go:50.125,57.34 6 0
mework/libs/sandbox/engine/docker/docker.go:57.34,58.47 1 0
mework/libs/sandbox/engine/docker/docker.go:58.47,60.4 1 0
mework/libs/sandbox/engine/docker/docker.go:61.3,61.17 1 0
mework/libs/sandbox/engine/docker/docker.go:63.2,63.15 1 0
mework/libs/sandbox/engine/docker/docker.go:67.103,70.52 3 0
mework/libs/sandbox/engine/docker/docker.go:70.52,72.3 1 0
mework/libs/sandbox/engine/docker/docker.go:73.2,73.12 1 0
mework/libs/sandbox/engine/docker/docker.go:77.72,79.2 1 0
mework/libs/sandbox/engine/docker/docker.go:82.45,83.22 1 0
mework/libs/sandbox/engine/docker/docker.go:83.22,85.3 1 0
mework/libs/sandbox/engine/docker/docker.go:86.2,86.23 1 0
mework/libs/sandbox/engine/docker/docker.go:90.87,94.48 2 0
mework/libs/sandbox/engine/docker/docker.go:94.48,96.3 1 0
mework/libs/sandbox/engine/docker/docker.go:98.2,99.19 2 0
mework/libs/sandbox/engine/docker/docker.go:99.19,101.3 1 0
mework/libs/sandbox/engine/docker/docker.go:102.2,102.52 1 0
mework/libs/sandbox/engine/docker/docker.go:102.52,104.3 1 0
mework/libs/sandbox/engine/docker/docker.go:106.2,107.16 2 0
mework/libs/sandbox/engine/docker/docker.go:107.16,109.3 1 0
mework/libs/sandbox/engine/docker/docker.go:112.2,113.55 2 0
mework/libs/sandbox/engine/docker/docker.go:113.55,116.3 2 0
mework/libs/sandbox/engine/docker/docker.go:118.2,122.8 1 0
mework/libs/sandbox/engine/docker/docker.go:125.113,133.42 2 0
mework/libs/sandbox/engine/docker/docker.go:133.42,134.22 1 0
mework/libs/sandbox/engine/docker/docker.go:134.22,136.4 1 0
mework/libs/sandbox/engine/docker/docker.go:137.3,137.19 1 0
mework/libs/sandbox/engine/docker/docker.go:137.19,139.4 1 0
mework/libs/sandbox/engine/docker/docker.go:142.2,142.29 1 0
mework/libs/sandbox/engine/docker/docker.go:142.29,144.3 1 0
mework/libs/sandbox/engine/docker/docker.go:147.2,147.26 1 0
mework/libs/sandbox/engine/docker/docker.go:147.26,149.3 1 0
mework/libs/sandbox/engine/docker/docker.go:151.2,157.40 6 0
mework/libs/sandbox/engine/docker/docker.go:157.40,159.3 1 0
mework/libs/sandbox/engine/docker/docker.go:160.2,160.51 1 0
mework/libs/sandbox/engine/docker/docker.go:164.68,166.50 2 0
mework/libs/sandbox/engine/docker/docker.go:166.50,168.3 1 0
mework/libs/sandbox/engine/docker/docker.go:169.2,169.12 1 0
mework/libs/sandbox/engine/docker/docker.go:173.71,175.50 2 0
mework/libs/sandbox/engine/docker/docker.go:175.50,176.57 1 0
mework/libs/sandbox/engine/docker/docker.go:176.57,178.4 1 0
mework/libs/sandbox/engine/docker/docker.go:179.3,179.59 1 0
mework/libs/sandbox/engine/docker/docker.go:181.2,181.12 1 0
mework/libs/sandbox/engine/docker/docker.go:185.59,187.39 2 0
mework/libs/sandbox/engine/docker/docker.go:187.39,189.3 1 0
mework/libs/sandbox/engine/docker/docker.go:190.2,191.54 2 0
mework/libs/sandbox/engine/docker/docker.go:191.54,193.3 1 0
mework/libs/sandbox/engine/docker/docker.go:194.2,194.12 1 0
mework/libs/sandbox/engine/docker/docker.go:197.38,199.2 1 0
mework/libs/sandbox/agent/detect.go:20.45,21.21 1 3
mework/libs/sandbox/agent/detect.go:21.21,23.3 1 0
mework/libs/sandbox/agent/detect.go:24.2,24.29 1 3
mework/libs/sandbox/agent/detect.go:24.29,25.51 1 4
mework/libs/sandbox/agent/detect.go:25.51,27.4 1 2
mework/libs/sandbox/agent/detect.go:29.2,29.25 1 1
mework/libs/sandbox/agent/detect.go:33.42,34.21 1 0
mework/libs/sandbox/agent/detect.go:34.21,36.3 1 0
mework/libs/sandbox/agent/detect.go:37.2,38.29 2 0
mework/libs/sandbox/agent/detect.go:38.29,39.51 1 0
mework/libs/sandbox/agent/detect.go:39.51,41.4 1 0
mework/libs/sandbox/agent/detect.go:43.2,43.14 1 0
mework/libs/sandbox/cmd/mework-sandbox/main.go:17.13,27.2 6 0
mework/libs/sandbox/cmd/mework-sandbox/pack.go:12.60,14.16 2 4
mework/libs/sandbox/cmd/mework-sandbox/pack.go:14.16,16.3 1 0
mework/libs/sandbox/cmd/mework-sandbox/pack.go:17.2,17.19 1 4
mework/libs/sandbox/cmd/mework-sandbox/pack.go:17.19,19.3 1 0
mework/libs/sandbox/cmd/mework-sandbox/pack.go:22.2,23.48 2 4
mework/libs/sandbox/cmd/mework-sandbox/pack.go:23.48,25.3 1 1
mework/libs/sandbox/cmd/mework-sandbox/pack.go:27.2,28.16 2 3
mework/libs/sandbox/cmd/mework-sandbox/pack.go:28.16,30.3 1 0
mework/libs/sandbox/cmd/mework-sandbox/pack.go:31.2,36.81 4 3
mework/libs/sandbox/cmd/mework-sandbox/pack.go:36.81,37.17 1 7
mework/libs/sandbox/cmd/mework-sandbox/pack.go:37.17,39.4 1 0
mework/libs/sandbox/cmd/mework-sandbox/pack.go:40.3,40.17 1 7
mework/libs/sandbox/cmd/mework-sandbox/pack.go:40.17,42.4 1 3
mework/libs/sandbox/cmd/mework-sandbox/pack.go:44.3,45.17 2 4
mework/libs/sandbox/cmd/mework-sandbox/pack.go:45.17,47.4 1 0
mework/libs/sandbox/cmd/mework-sandbox/pack.go:49.3,50.17 2 4
mework/libs/sandbox/cmd/mework-sandbox/pack.go:50.17,52.4 1 0
mework/libs/sandbox/cmd/mework-sandbox/pack.go:53.3,54.17 2 4
mework/libs/sandbox/cmd/mework-sandbox/pack.go:54.17,56.4 1 0
mework/libs/sandbox/cmd/mework-sandbox/pack.go:57.3,57.42 1 4
mework/libs/sandbox/cmd/mework-sandbox/pack.go:57.42,59.4 1 0
mework/libs/sandbox/cmd/mework-sandbox/pack.go:60.3,60.13 1 4
mework/libs/sandbox/cmd/mework-sandbox/pack.go:62.2,62.16 1 3
mework/libs/sandbox/cmd/mework-sandbox/pack.go:62.16,64.3 1 0
mework/libs/sandbox/cmd/mework-sandbox/pack.go:66.2,66.24 1 3
mework/libs/sandbox/cmd/mework-sandbox/prebuilt.go:17.62,20.16 3 5
mework/libs/sandbox/cmd/mework-sandbox/prebuilt.go:20.16,22.3 1 0
mework/libs/sandbox/cmd/mework-sandbox/prebuilt.go:24.2,25.52 2 5
mework/libs/sandbox/cmd/mework-sandbox/prebuilt.go:25.52,27.3 1 0
mework/libs/sandbox/cmd/mework-sandbox/prebuilt.go:28.2,28.40 1 5
mework/libs/sandbox/cmd/mework-sandbox/prebuilt.go:28.40,30.3 1 3
mework/libs/sandbox/cmd/mework-sandbox/prebuilt.go:32.2,32.39 1 2
mework/libs/sandbox/cmd/mework-sandbox/prebuilt.go:39.63,41.16 2 0
mework/libs/sandbox/cmd/mework-sandbox/prebuilt.go:41.16,43.3 1 0
mework/libs/sandbox/cmd/mework-sandbox/prebuilt.go:44.2,45.52 2 0
mework/libs/sandbox/cmd/mework-sandbox/prebuilt.go:45.52,47.3 1 0
mework/libs/sandbox/cmd/mework-sandbox/prebuilt.go:48.2,49.16 2 0
mework/libs/sandbox/cmd/mework-sandbox/prebuilt.go:49.16,51.3 1 0
mework/libs/sandbox/cmd/mework-sandbox/prebuilt.go:52.2,52.67 1 0
mework/libs/sandbox/cmd/mework-sandbox/push.go:11.66,12.16 1 2
mework/libs/sandbox/cmd/mework-sandbox/push.go:12.16,14.3 1 1
mework/libs/sandbox/cmd/mework-sandbox/push.go:15.2,15.19 1 1
mework/libs/sandbox/cmd/mework-sandbox/push.go:15.19,17.3 1 0
mework/libs/sandbox/cmd/mework-sandbox/push.go:18.2,18.20 1 1
mework/libs/sandbox/cmd/mework-sandbox/push.go:18.20,20.3 1 0
mework/libs/sandbox/cmd/mework-sandbox/push.go:21.2,22.12 2 1
mework/libs/sandbox/engine/local/runner.go:25.20,25.40 1 9
mework/libs/sandbox/engine/local/runner.go:28.42,37.2 1 1
mework/libs/sandbox/engine/local/runner.go:46.36,46.51 1 2
mework/libs/sandbox/engine/local/runner.go:50.124,58.16 7 5
mework/libs/sandbox/engine/local/runner.go:58.16,59.47 1 1
mework/libs/sandbox/engine/local/runner.go:59.47,61.4 1 1
mework/libs/sandbox/engine/local/runner.go:62.3,62.17 1 0
mework/libs/sandbox/engine/local/runner.go:64.2,64.15 1 4
mework/libs/sandbox/engine/local/runner.go:68.102,70.2 1 0
mework/libs/sandbox/engine/local/runner.go:73.71,75.2 1 0
mework/libs/sandbox/engine/local/runner.go:79.87,82.62 2 8
mework/libs/sandbox/engine/local/runner.go:82.62,84.3 1 1
mework/libs/sandbox/engine/local/runner.go:88.2,89.19 2 7
mework/libs/sandbox/engine/local/runner.go:89.19,91.3 1 3
mework/libs/sandbox/engine/local/runner.go:92.2,92.19 1 7
mework/libs/sandbox/engine/local/runner.go:92.19,94.3 1 0
mework/libs/sandbox/engine/local/runner.go:95.2,95.52 1 7
mework/libs/sandbox/engine/local/runner.go:95.52,97.3 1 0
mework/libs/sandbox/engine/local/runner.go:98.2,102.8 1 7
mework/libs/sandbox/engine/local/runner.go:106.68,106.82 1 0
mework/libs/sandbox/engine/local/runner.go:109.71,109.85 1 2
mework/libs/sandbox/engine/local/runner.go:124.105,126.18 2 2
mework/libs/sandbox/engine/local/runner.go:126.18,128.3 1 0
mework/libs/sandbox/engine/local/runner.go:129.2,132.52 3 2
mework/libs/sandbox/engine/local/runner.go:132.52,134.3 1 0
mework/libs/sandbox/engine/local/runner.go:136.2,142.16 2 2
mework/libs/sandbox/engine/local/runner.go:142.16,144.3 1 0
mework/libs/sandbox/engine/local/runner.go:145.2,145.15 1 2
mework/libs/sandbox/engine/local/runner.go:145.15,145.64 1 2
mework/libs/sandbox/engine/local/runner.go:147.2,151.20 4 2
mework/libs/sandbox/engine/local/runner.go:151.20,153.20 2 1
mework/libs/sandbox/engine/local/runner.go:153.20,155.4 1 0
mework/libs/sandbox/engine/local/runner.go:157.2,157.12 1 2
mework/libs/sandbox/engine/local/runner.go:161.50,163.2 1 0
mework/libs/sandbox/runtime/injector.go:23.63,24.22 1 0
mework/libs/sandbox/runtime/injector.go:24.22,26.3 1 0
mework/libs/sandbox/runtime/injector.go:27.2,27.52 1 0
mework/libs/sandbox/runtime/injector.go:34.129,35.21 1 0
mework/libs/sandbox/runtime/injector.go:35.21,37.3 1 0
mework/libs/sandbox/runtime/injector.go:40.2,41.28 2 0
mework/libs/sandbox/runtime/injector.go:41.28,43.3 1 0
mework/libs/sandbox/runtime/injector.go:47.2,48.61 2 0
mework/libs/sandbox/runtime/injector.go:48.61,50.3 1 0
mework/libs/sandbox/runtime/injector.go:52.2,52.33 1 0
mework/libs/sandbox/runtime/injector.go:52.33,54.37 1 0
mework/libs/sandbox/runtime/injector.go:54.37,57.4 1 0
mework/libs/sandbox/runtime/injector.go:62.3,63.79 2 0
mework/libs/sandbox/runtime/injector.go:63.79,65.4 1 0
mework/libs/sandbox/runtime/injector.go:68.2,68.12 1 0
mework/libs/sandbox/runtime/injector.go:73.42,78.2 1 0
mework/libs/sandbox/runtime/injector.go:82.84,84.2 1 0
mework/libs/sandbox/runtime/injector.go:87.85,90.2 2 0
mework/libs/sandbox/runtime/manager.go:27.54,32.2 1 4
mework/libs/sandbox/runtime/manager.go:36.44,37.16 1 0
mework/libs/sandbox/runtime/manager.go:38.16,39.34 1 0
mework/libs/sandbox/runtime/manager.go:40.20,41.38 1 0
mework/libs/sandbox/runtime/manager.go:42.16,43.41 1 0
mework/libs/sandbox/runtime/manager.go:43.41,45.4 1 0
mework/libs/sandbox/runtime/manager.go:47.3,47.33 1 0
mework/libs/sandbox/runtime/manager.go:48.10,49.33 1 0
mework/libs/sandbox/runtime/manager.go:54.43,56.2 1 0
mework/libs/sandbox/runtime/manager.go:59.88,64.52 3 4
mework/libs/sandbox/runtime/manager.go:64.52,66.3 1 0
mework/libs/sandbox/runtime/manager.go:68.2,69.16 2 4
mework/libs/sandbox/runtime/manager.go:69.16,71.3 1 0
mework/libs/sandbox/runtime/manager.go:76.2,76.31 1 4
mework/libs/sandbox/runtime/manager.go:76.31,77.74 1 2
mework/libs/sandbox/runtime/manager.go:77.74,81.4 2 1
mework/libs/sandbox/runtime/manager.go:84.2,85.15 2 3
mework/libs/sandbox/runtime/manager.go:89.69,94.13 4 0
mework/libs/sandbox/runtime/manager.go:94.13,96.3 1 0
mework/libs/sandbox/runtime/manager.go:98.2,98.54 1 0
mework/libs/sandbox/runtime/manager.go:98.54,100.3 1 0
mework/libs/sandbox/runtime/manager.go:102.2,103.12 2 0
mework/libs/sandbox/runtime/manager.go:107.72,111.57 3 0
mework/libs/sandbox/runtime/manager.go:111.57,113.3 1 0
mework/libs/sandbox/runtime/manager.go:115.2,116.12 2 0
mework/libs/sandbox/runtime/manager.go:120.57,125.28 4 0
mework/libs/sandbox/runtime/manager.go:125.28,126.51 1 0
mework/libs/sandbox/runtime/manager.go:126.51,127.23 1 0
mework/libs/sandbox/runtime/manager.go:127.23,129.5 1 0
mework/libs/sandbox/runtime/manager.go:131.3,131.24 1 0
mework/libs/sandbox/runtime/manager.go:133.2,133.17 1 0
mework/libs/sandbox/runtime/manager.go:137.36,139.2 1 0
mework/libs/sandbox/runtime/manager.go:143.43,145.2 1 2
mework/libs/sandbox/runtime/manager.go:148.55,150.2 1 0
mework/libs/sandbox/runtime/manager.go:153.37,157.2 3 3
mework/libs/sandbox/schema.go:51.49,53.2 1 0
mework/libs/sandbox/schema.go:68.49,69.18 1 13
mework/libs/sandbox/schema.go:69.18,71.3 1 1
mework/libs/sandbox/schema.go:72.2,72.21 1 12
mework/libs/sandbox/schema.go:72.21,74.3 1 1
mework/libs/sandbox/schema.go:75.2,75.29 1 11
mework/libs/sandbox/schema.go:75.29,77.3 1 1
mework/libs/sandbox/schema.go:78.2,78.21 1 10
mework/libs/sandbox/schema.go:78.21,80.3 1 1
mework/libs/sandbox/schema.go:81.2,81.49 1 9
mework/libs/sandbox/schema.go:81.49,83.3 1 1
mework/libs/sandbox/schema.go:84.2,84.53 1 8
mework/libs/sandbox/schema.go:84.53,86.3 1 1
mework/libs/sandbox/schema.go:87.2,87.12 1 7
